[b_cpg/cpg4]-[CpG] 88 clones
[b_cpg/cpg3]-[CpG] 108 clones
[t_misc/20140325]-[N4+IL-12] 29 clones
[t_misc/20140325]-[N4+CD28+IL-12] 36 clones
[t_misc/20140325]-[N4+CD28] 38 clones
[t_misc/20140325]-[N4] 37 clones
[t_misc/20140211]-[N4+CD28+IL-2] 47 clones
[t_misc/20140211]-[N4+CD28] 41 clones
[t_misc/20140211]-[N4] 45 clones
[t_misc/20140211]-[N4+IL-2] 37 clones
[t_il2/20131218]-[1U IL-2] 36 clones
[t_il2/20131218]-[3U IL-2] 48 clones
[t_il2/20131218]-[10U IL-2] 61 clones
[t_il2/20140121]-[1U IL-2] 73 clones
[t_il2/20140121]-[10U IL-2] 102 clones
[t_il2/20140121]-[3U IL-2] 42 clones

>> CORRELATION ANALYSIS...

======================== BEGIN b_cpg/cpg4 ========================
======================== BEGIN CpG ========================
------------------------ BEGIN ($T_{div}^0$, $T_{div}^{k\geq1}$) ------------------------
█
>> BF10 (BF01):
    Estimate from posterior: 0.16137 (6.19697)
    Approximate Jeffreys   : 0.16102 (6.21042)
    Exact solution         : 0.15846 (6.31059)

            mean     sd  hdi_3%  hdi_97%  mcse_mean  mcse_sd  ess_mean    ess_sd  ess_bulk  ess_tail  r_hat
mu[0]     41.919  0.706  40.576   43.233      0.001    0.001  615284.0  615284.0  616762.0  361536.0    1.0
mu[1]     12.480  0.405  11.718   13.242      0.001    0.000  626479.0  626479.0  628362.0  362141.0    1.0
sigma[0]   5.575  0.519   4.629    6.552      0.001    0.000  573536.0  549766.0  595953.0  357534.0    1.0
sigma[1]   3.204  0.298   2.668    3.770      0.000    0.000  612770.0  584658.0  641944.0  358667.0    1.0
rho       -0.015  0.126  -0.252    0.220      0.000    0.000  634019.0  234197.0  632333.0  368805.0    1.0
cov[0,0]  31.354  5.924  21.120   42.576      0.008    0.006  549766.0  492349.0  595953.0  357534.0    1.0
cov[0,1]  -0.278  2.341  -4.761    4.138      0.003    0.003  553319.0  251333.0  568689.0  355570.0    1.0
cov[1,0]  -0.278  2.341  -4.761    4.138      0.003    0.003  553319.0  251333.0  568689.0  355570.0    1.0
cov[1,1]  10.353  1.953   6.930   13.991      0.003    0.002  584658.0  518076.0  641944.0  358667.0    1.0

------------------------ BEGIN ($T_{div}^0$, $T_{ld}$) ------------------------
█
>> BF10 (BF01):
    Estimate from posterior: 572.71086 (0.00175)
    Approximate Jeffreys   : 464.17175 (0.00215)
    Exact solution         : 463.45987 (0.00216)

             mean      sd   hdi_3%  hdi_97%  mcse_mean  mcse_sd  ess_mean    ess_sd  ess_bulk  ess_tail  r_hat
mu[0]      41.902   0.678   40.628   43.182      0.001    0.001  446987.0  446987.0  447543.0  364784.0    1.0
mu[1]      60.068   1.467   57.316   62.836      0.002    0.002  425367.0  425367.0  425850.0  358703.0    1.0
sigma[0]    5.751   0.493    4.858    6.693      0.001    0.001  484397.0  470084.0  502328.0  359645.0    1.0
sigma[1]   12.457   1.064   10.548   14.496      0.002    0.001  459650.0  447405.0  475022.0  356668.0    1.0
rho         0.444   0.095    0.263    0.616      0.000    0.000  420701.0  409525.0  415655.0  348590.0    1.0
cov[0,0]   33.322   5.784   23.107   44.196      0.008    0.006  470084.0  437612.0  502328.0  359645.0    1.0
cov[0,1]   32.223   9.589   14.985   50.461      0.016    0.012  339658.0  306727.0  358096.0  306069.0    1.0
cov[1,0]   32.223   9.589   14.985   50.461      0.016    0.012  339658.0  306727.0  358096.0  306069.0    1.0
cov[1,1]  156.301  27.032  108.903  207.306      0.040    0.030  447405.0  418691.0  475022.0  356668.0    1.0

------------------------ BEGIN ($T_{div}^{k\geq1}$, $T_{ld}$) ------------------------
█
>> BF10 (BF01):
    Estimate from posterior: 1.08911 (0.91818)
    Approximate Jeffreys   : 1.05608 (0.94689)
    Exact solution         : 1.04367 (0.95816)

             mean      sd  hdi_3%  hdi_97%  mcse_mean  mcse_sd  ess_mean    ess_sd  ess_bulk  ess_tail  r_hat
mu[0]      12.480   0.406  11.718   13.246      0.001    0.000  548779.0  548779.0  549798.0  357154.0    1.0
mu[1]      62.966   1.319  60.484   65.458      0.002    0.001  555109.0  555109.0  556489.0  358913.0    1.0
sigma[0]    3.201   0.297   2.664    3.765      0.000    0.000  574901.0  552705.0  598072.0  365637.0    1.0
sigma[1]   10.418   0.966   8.662   12.236      0.001    0.001  580758.0  555770.0  608750.0  366820.0    1.0
rho        -0.240   0.119  -0.459   -0.014      0.000    0.000  542734.0  478395.0  540713.0  363403.0    1.0
cov[0,0]   10.336   1.949   6.965   14.028      0.003    0.002  552705.0  499631.0  598072.0  365637.0    1.0
cov[0,1]   -8.136   4.518 -16.802    0.161      0.007    0.005  467101.0  367047.0  488491.0  331819.0    1.0
cov[1,0]   -8.136   4.518 -16.802    0.161      0.007    0.005  467101.0  367047.0  488491.0  331819.0    1.0
cov[1,1]  109.467  20.627  73.938  148.462      0.028    0.021  555770.0  497206.0  608750.0  366820.0    1.0

------------------------ BEGIN ($T_{div}^0$, $T_{die}$) ------------------------
█
>> BF10 (BF01):
    Estimate from posterior: 3.29298 (0.30368)
    Approximate Jeffreys   : 3.35853 (0.29775)
    Exact solution         : 3.32931 (0.30036)

             mean      sd   hdi_3%  hdi_97%  mcse_mean  mcse_sd  ess_mean    ess_sd  ess_bulk  ess_tail  r_hat
mu[0]      41.903   0.677   40.639   43.188      0.001    0.001  584110.0  584110.0  585090.0  381774.0    1.0
mu[1]      88.709   2.013   84.932   92.516      0.003    0.002  561299.0  561299.0  562290.0  365186.0    1.0
sigma[0]    5.759   0.494    4.865    6.699      0.001    0.000  558662.0  541032.0  576900.0  366770.0    1.0
sigma[1]   17.124   1.467   14.475   19.924      0.002    0.001  535611.0  518330.0  554443.0  363604.0    1.0
rho         0.285   0.108    0.081    0.484      0.000    0.000  532401.0  498280.0  531581.0  372038.0    1.0
cov[0,0]   33.412   5.807   23.197   44.340      0.008    0.006  541032.0  494357.0  576900.0  366770.0    1.0
cov[0,1]   28.481  12.483    5.702   52.474      0.019    0.014  453656.0  380560.0  473568.0  339051.0    1.0
cov[1,0]   28.481  12.483    5.702   52.474      0.019    0.014  453656.0  380560.0  473568.0  339051.0    1.0
cov[1,1]  295.379  51.294  204.695  391.522      0.071    0.053  518330.0  476250.0  554443.0  363604.0    1.0

------------------------ BEGIN ($T_{div}^{k\geq1}$, $T_{die}$) ------------------------
█
>> BF10 (BF01):
    Estimate from posterior: 0.16092 (6.21422)
    Approximate Jeffreys   : 0.15982 (6.25705)
    Exact solution         : 0.15728 (6.35807)

             mean      sd   hdi_3%  hdi_97%  mcse_mean  mcse_sd  ess_mean    ess_sd  ess_bulk  ess_tail  r_hat
mu[0]      12.480   0.405   11.725   13.251      0.001    0.000  653546.0  653546.0  655480.0  350749.0    1.0
mu[1]      92.143   1.745   88.865   95.441      0.002    0.002  619281.0  619281.0  620706.0  362254.0    1.0
sigma[0]    3.204   0.297    2.659    3.761      0.000    0.000  628753.0  601674.0  655586.0  360924.0    1.0
sigma[1]   13.758   1.282   11.441   16.192      0.002    0.001  609308.0  579173.0  637965.0  350596.0    1.0
rho        -0.001   0.126   -0.236    0.237      0.000    0.000  594798.0  230402.0  593197.0  366816.0    1.0
cov[0,0]   10.353   1.949    6.971   14.034      0.003    0.002  601674.0  535552.0  655586.0  360924.0    1.0
cov[0,1]   -0.029   5.798  -11.122   10.876      0.008    0.008  524053.0  249733.0  537118.0  353513.0    1.0
cov[1,0]   -0.029   5.798  -11.122   10.876      0.008    0.008  524053.0  249733.0  537118.0  353513.0    1.0
cov[1,1]  190.925  36.123  128.684  259.494      0.047    0.036  579173.0  510640.0  637965.0  350596.0    1.0

------------------------ BEGIN ($T_{ld}$, $T_{die}$) ------------------------
█
>> BF10 (BF01):
    Estimate from posterior: 139532409059744823002999554048.00000 (0.00000)
    Approximate Jeffreys   : 509780.91029 (0.00000)
    Exact solution         : 513466.62695 (0.00000)

             mean      sd   hdi_3%  hdi_97%  mcse_mean  mcse_sd  ess_mean    ess_sd  ess_bulk  ess_tail  r_hat
mu[0]      60.069   1.465   57.314   62.831      0.002    0.002  348784.0  348784.0  349071.0  340112.0    1.0
mu[1]      88.712   2.012   84.887   92.464      0.003    0.002  354250.0  354250.0  354587.0  347367.0    1.0
sigma[0]   12.431   1.061   10.503   14.441      0.002    0.001  360840.0  353227.0  371780.0  338519.0    1.0
sigma[1]   17.069   1.460   14.442   19.857      0.002    0.002  358700.0  350981.0  369500.0  332518.0    1.0
rho         0.581   0.079    0.434    0.726      0.000    0.000  358588.0  353607.0  353084.0  341525.0    1.0
cov[0,0]  155.655  26.908  108.402  206.248      0.045    0.033  353227.0  337100.0  371780.0  338519.0    1.0
cov[0,1]  124.854  30.147   71.174  181.970      0.058    0.042  267209.0  251949.0  280704.0  273673.0    1.0
cov[1,0]  124.854  30.147   71.174  181.970      0.058    0.042  267209.0  251949.0  280704.0  273673.0    1.0
cov[1,1]  293.486  50.866  205.453  390.544      0.086    0.062  350981.0  334851.0  369500.0  332518.0    1.0


======================== BEGIN b_cpg/cpg3 ========================
======================== BEGIN CpG ========================
------------------------ BEGIN ($T_{div}^0$, $T_{div}^{k\geq1}$) ------------------------
█
>> BF10 (BF01):
    Estimate from posterior: 0.96234 (1.03913)
    Approximate Jeffreys   : 0.96658 (1.03458)
    Exact solution         : 0.95396 (1.04826)

            mean     sd  hdi_3%  hdi_97%  mcse_mean  mcse_sd  ess_mean    ess_sd  ess_bulk  ess_tail  r_hat
mu[0]     38.168  0.575  37.082   39.248      0.001    0.001  558514.0  558514.0  559922.0  366295.0    1.0
mu[1]     11.194  0.379  10.479   11.908      0.001    0.000  567856.0  567856.0  569570.0  353929.0    1.0
sigma[0]   4.289  0.425   3.527    5.099      0.001    0.000  557784.0  531761.0  586744.0  357930.0    1.0
sigma[1]   2.819  0.279   2.316    3.345      0.000    0.000  553201.0  529596.0  578354.0  359245.0    1.0
rho        0.244  0.126   0.005    0.477      0.000    0.000  542987.0  474231.0  539869.0  363762.0    1.0
cov[0,0]  18.576  3.748  12.209   25.708      0.005    0.004  531761.0  472568.0  586744.0  357930.0    1.0
cov[0,1]   3.002  1.750  -0.198    6.382      0.003    0.002  454501.0  352184.0  478926.0  328113.0    1.0
cov[1,0]   3.002  1.750  -0.198    6.382      0.003    0.002  454501.0  352184.0  478926.0  328113.0    1.0
cov[1,1]   8.025  1.615   5.250   11.054      0.002    0.002  529596.0  474979.0  578354.0  359245.0    1.0

------------------------ BEGIN ($T_{div}^0$, $T_{ld}$) ------------------------
█
>> BF10 (BF01):
    Estimate from posterior: 0.25899 (3.86116)
    Approximate Jeffreys   : 0.25828 (3.87176)
    Exact solution         : 0.25479 (3.92486)

             mean      sd  hdi_3%  hdi_97%  mcse_mean  mcse_sd  ess_mean    ess_sd  ess_bulk  ess_tail  r_hat
mu[0]      38.711   0.607  37.560   39.851      0.001    0.001  618055.0  618055.0  619382.0  361734.0    1.0
mu[1]      54.877   1.337  52.362   57.410      0.002    0.001  637286.0  637286.0  638667.0  359782.0    1.0
sigma[0]    5.020   0.445   4.228    5.878      0.001    0.000  581697.0  559042.0  603527.0  360832.0    1.0
sigma[1]   11.050   0.975   9.285   12.902      0.001    0.001  626662.0  600403.0  653501.0  364181.0    1.0
rho         0.123   0.118  -0.099    0.344      0.000    0.000  589434.0  395786.0  587536.0  366849.0    1.0
cov[0,0]   25.396   4.568  17.433   33.983      0.006    0.005  559042.0  502950.0  603527.0  360832.0    1.0
cov[0,1]    6.900   6.952  -6.043   20.253      0.010    0.008  521266.0  345816.0  536825.0  345104.0    1.0
cov[1,0]    6.900   6.952  -6.043   20.253      0.010    0.008  521266.0  345816.0  536825.0  345104.0    1.0
cov[1,1]  123.058  22.007  84.802  164.799      0.028    0.021  600403.0  536982.0  653501.0  364181.0    1.0

------------------------ BEGIN ($T_{div}^{k\geq1}$, $T_{ld}$) ------------------------
█
>> BF10 (BF01):
    Estimate from posterior: 0.16927 (5.90756)
    Approximate Jeffreys   : 0.16979 (5.88954)
    Exact solution         : 0.16676 (5.99675)

            mean      sd  hdi_3%  hdi_97%  mcse_mean  mcse_sd  ess_mean    ess_sd  ess_bulk  ess_tail  r_hat
mu[0]     11.194   0.378  10.478   11.903      0.000    0.000  611607.0  611607.0  613720.0  352180.0    1.0
mu[1]     58.083   1.221  55.811   60.409      0.002    0.001  603457.0  603457.0  605572.0  355199.0    1.0
sigma[0]   2.822   0.280   2.316    3.352      0.000    0.000  619193.0  587149.0  653342.0  362048.0    1.0
sigma[1]   9.064   0.898   7.458   10.781      0.001    0.001  596263.0  568221.0  624309.0  361739.0    1.0
rho       -0.002   0.133  -0.252    0.247      0.000    0.000  596830.0  231549.0  594445.0  367330.0    1.0
cov[0,0]   8.044   1.626   5.253   11.102      0.002    0.002  587149.0  513315.0  653342.0  362048.0    1.0
cov[0,1]  -0.054   3.573  -6.835    6.725      0.005    0.005  520764.0  251241.0  536652.0  355089.0    1.0
cov[1,0]  -0.054   3.573  -6.835    6.725      0.005    0.005  520764.0  251241.0  536652.0  355089.0    1.0
cov[1,1]  82.965  16.722  54.336  114.597      0.022    0.017  568221.0  502057.0  624309.0  361739.0    1.0

------------------------ BEGIN ($T_{div}^0$, $T_{die}$) ------------------------
█
>> BF10 (BF01):
    Estimate from posterior: 0.19841 (5.03996)
    Approximate Jeffreys   : 0.19799 (5.05081)
    Exact solution         : 0.19521 (5.12264)

             mean      sd   hdi_3%  hdi_97%  mcse_mean  mcse_sd  ess_mean    ess_sd  ess_bulk  ess_tail  r_hat
mu[0]      38.710   0.606   37.581   39.863      0.001    0.001  663569.0  663569.0  665430.0  362994.0    1.0
mu[1]      88.033   1.910   84.426   91.625      0.002    0.002  604906.0  604906.0  606182.0  363812.0    1.0
sigma[0]    5.021   0.443    4.214    5.858      0.001    0.000  637809.0  609225.0  664712.0  365843.0    1.0
sigma[1]   15.784   1.397   13.266   18.444      0.002    0.001  548545.0  527332.0  573221.0  348013.0    1.0
rho         0.087   0.119   -0.137    0.311      0.000    0.000  606945.0  337879.0  605699.0  363028.0    1.0
cov[0,0]   25.404   4.548   17.547   34.066      0.006    0.004  609225.0  541784.0  664712.0  365843.0    1.0
cov[0,1]    6.968   9.928  -11.587   26.001      0.013    0.012  541711.0  319012.0  554524.0  353820.0    1.0
cov[1,0]    6.968   9.928  -11.587   26.001      0.013    0.012  541711.0  319012.0  554524.0  353820.0    1.0
cov[1,1]  251.098  45.071  173.021  336.560      0.062    0.046  527332.0  478028.0  573221.0  348013.0    1.0

------------------------ BEGIN ($T_{div}^{k\geq1}$, $T_{die}$) ------------------------
█
>> BF10 (BF01):
    Estimate from posterior: 0.36078 (2.77179)
    Approximate Jeffreys   : 0.36027 (2.77573)
    Exact solution         : 0.35459 (2.82018)

             mean      sd   hdi_3%  hdi_97%  mcse_mean  mcse_sd  ess_mean    ess_sd  ess_bulk  ess_tail  r_hat
mu[0]      11.194   0.380   10.472   11.903      0.000    0.000  591369.0  591369.0  593702.0  359982.0    1.0
mu[1]      90.300   1.944   86.659   93.992      0.003    0.002  572945.0  572945.0  574498.0  358571.0    1.0
sigma[0]    2.821   0.280    2.314    3.348      0.000    0.000  590859.0  562577.0  619985.0  365545.0    1.0
sigma[1]   14.490   1.437   11.934   17.242      0.002    0.001  563672.0  537147.0  591802.0  359560.0    1.0
rho         0.162   0.130   -0.084    0.405      0.000    0.000  557684.0  418345.0  555550.0  362856.0    1.0
cov[0,0]    8.038   1.622    5.245   11.071      0.002    0.002  562577.0  496465.0  619985.0  365545.0    1.0
cov[0,1]    6.734   5.820   -3.980   17.981      0.008    0.007  478533.0  339839.0  498506.0  337889.0    1.0
cov[1,0]    6.734   5.820   -3.980   17.981      0.008    0.007  478533.0  339839.0  498506.0  337889.0    1.0
cov[1,1]  212.032  42.822  138.161  291.943      0.058    0.044  537147.0  477356.0  591802.0  359560.0    1.0

------------------------ BEGIN ($T_{ld}$, $T_{die}$) ------------------------
█
>> BF10 (BF01):
    Estimate from posterior: 661117991426766917558036161195530568267371122713155338240.00000 (0.00000)
    Approximate Jeffreys   : 142573.80521 (0.00001)
    Exact solution         : 143582.68719 (0.00001)

             mean      sd   hdi_3%  hdi_97%  mcse_mean  mcse_sd  ess_mean    ess_sd  ess_bulk  ess_tail  r_hat
mu[0]      54.877   1.332   52.366   57.374      0.002    0.002  339840.0  339840.0  340337.0  338837.0    1.0
mu[1]      88.039   1.908   84.453   91.635      0.003    0.002  334464.0  334464.0  334652.0  337877.0    1.0
sigma[0]   11.003   0.972    9.227   12.830      0.002    0.001  360770.0  353039.0  372049.0  339500.0    1.0
sigma[1]   15.712   1.385   13.194   18.326      0.002    0.002  372065.0  363548.0  384728.0  336703.0    1.0
rho         0.573   0.082    0.416    0.721      0.000    0.000  366444.0  360126.0  359697.0  337525.0    1.0
cov[0,0]  122.020  21.850   83.914  163.193      0.037    0.027  353039.0  336810.0  372049.0  339500.0    1.0
cov[0,1]  100.377  25.231   56.069  148.546      0.048    0.035  272036.0  255078.0  287187.0  278542.0    1.0
cov[1,0]  100.377  25.231   56.069  148.546      0.048    0.035  272036.0  255078.0  287187.0  278542.0    1.0
cov[1,1]  248.787  44.465  171.749  333.043      0.074    0.053  363548.0  345953.0  384728.0  336703.0    1.0


======================== BEGIN t_misc/20140325 ========================
======================== BEGIN N4+IL-12 ========================
------------------------ BEGIN ($T_{div}^0$, $T_{div}^{k\geq1}$) ------------------------
█
>> BF10 (BF01):
    Estimate from posterior: 14.66483 (0.06819)
    Approximate Jeffreys   : 11.54842 (0.08659)
    Exact solution         : 14.96550 (0.06682)

            mean      sd  hdi_3%  hdi_97%  mcse_mean  mcse_sd  ess_mean    ess_sd  ess_bulk  ess_tail  r_hat
mu[0]     34.133   1.369  31.519   36.709      0.003    0.002  172901.0  172901.0  183339.0  195582.0    1.0
mu[1]     10.366   0.782   8.876   11.839      0.002    0.001  172695.0  172695.0  183417.0  186437.0    1.0
sigma[0]   3.918   1.199   2.135    6.077      0.003    0.002  149244.0  141394.0  171099.0  192044.0    1.0
sigma[1]   2.238   0.686   1.224    3.481      0.002    0.001  146165.0  139307.0  166708.0  191637.0    1.0
rho        0.742   0.183   0.407    0.979      0.000    0.000  180385.0  177777.0  165728.0  203270.0    1.0
cov[0,0]  16.791  12.379   3.987   35.858      0.033    0.023  141394.0  141394.0  171099.0  192044.0    1.0
cov[0,1]   7.189   5.843   0.524   16.992      0.017    0.012  119078.0  119078.0  144449.0  160602.0    1.0
cov[1,0]   7.189   5.843   0.524   16.992      0.017    0.012  119078.0  119078.0  144449.0  160602.0    1.0
cov[1,1]   5.478   4.047   1.292   11.708      0.011    0.008  139307.0  139307.0  166708.0  191637.0    1.0

------------------------ BEGIN ($T_{div}^0$, $T_{ld}$) ------------------------
█
>> BF10 (BF01):
    Estimate from posterior: 0.41770 (2.39408)
    Approximate Jeffreys   : 0.41704 (2.39784)
    Exact solution         : 0.38778 (2.57876)

            mean      sd  hdi_3%  hdi_97%  mcse_mean  mcse_sd  ess_mean    ess_sd  ess_bulk  ess_tail  r_hat
mu[0]     34.225   1.111  32.108   36.318      0.002    0.001  319870.0  319870.0  332865.0  276582.0    1.0
mu[1]     43.142   2.519  38.333   47.893      0.004    0.003  354038.0  354038.0  370036.0  279184.0    1.0
sigma[0]   3.880   0.962   2.353    5.650      0.002    0.001  325004.0  291422.0  388738.0  301194.0    1.0
sigma[1]   8.827   2.189   5.338   12.845      0.004    0.003  323285.0  288426.0  387415.0  299549.0    1.0
rho        0.132   0.274  -0.379    0.631      0.000    0.000  339454.0  262391.0  331070.0  308766.0    1.0
cov[0,0]  15.983   8.911   4.995   31.025      0.017    0.012  291422.0  269258.0  388738.0  301194.0    1.0
cov[0,1]   4.866  12.379 -17.860   28.483      0.025    0.019  241209.0  210108.0  282235.0  258149.0    1.0
cov[1,0]   4.866  12.379 -17.860   28.483      0.025    0.019  241209.0  210108.0  282235.0  258149.0    1.0
cov[1,1]  82.707  46.144  25.498  160.312      0.086    0.063  288426.0  268947.0  387415.0  299549.0    1.0

------------------------ BEGIN ($T_{div}^{k\geq1}$, $T_{ld}$) ------------------------
█
>> BF10 (BF01):
    Estimate from posterior: 0.50738 (1.97092)
    Approximate Jeffreys   : 0.50164 (1.99346)
    Exact solution         : 0.45191 (2.21283)

            mean      sd  hdi_3%  hdi_97%  mcse_mean  mcse_sd  ess_mean    ess_sd  ess_bulk  ess_tail  r_hat
mu[0]     10.361   0.858   8.725   11.971      0.002    0.001  257136.0  257136.0  286744.0  223768.0    1.0
mu[1]     47.012   2.262  42.702   51.249      0.004    0.003  262330.0  262330.0  291328.0  239530.0    1.0
sigma[0]   2.442   0.836   1.256    3.928      0.002    0.001  227363.0  197887.0  293497.0  251204.0    1.0
sigma[1]   6.442   2.197   3.303   10.349      0.005    0.004  226210.0  196357.0  291109.0  248384.0    1.0
rho        0.140   0.328  -0.472    0.726      0.001    0.000  294924.0  236970.0  283184.0  273259.0    1.0
cov[0,0]   6.662   5.933   1.323   14.908      0.013    0.009  197887.0  197887.0  293497.0  251204.0    1.0
cov[0,1]   2.448   8.253 -11.131   17.432      0.019    0.015  184585.0  146692.0  239781.0  217466.0    1.0
cov[1,0]   2.448   8.253 -11.131   17.432      0.019    0.015  184585.0  146692.0  239781.0  217466.0    1.0
cov[1,1]  46.321  40.285   9.145  103.909      0.091    0.064  196357.0  196357.0  291109.0  248384.0    1.0

------------------------ BEGIN ($T_{div}^0$, $T_{die}$) ------------------------
█
>> BF10 (BF01):
    Estimate from posterior: 0.44654 (2.23943)
    Approximate Jeffreys   : 0.44770 (2.23365)
    Exact solution         : 0.41817 (2.39138)

             mean      sd  hdi_3%  hdi_97%  mcse_mean  mcse_sd  ess_mean    ess_sd  ess_bulk  ess_tail  r_hat
mu[0]      34.226   1.110  32.136   36.337      0.002    0.001  334208.0  334208.0  349475.0  287754.0    1.0
mu[1]      48.947   2.990  43.329   54.662      0.006    0.004  291454.0  291454.0  306030.0  252146.0    1.0
sigma[0]    3.878   0.961   2.354    5.641      0.002    0.001  355265.0  315133.0  433985.0  319467.0    1.0
sigma[1]   10.454   2.589   6.340   15.221      0.005    0.003  307407.0  273658.0  369123.0  288440.0    1.0
rho         0.167   0.271  -0.344    0.656      0.000    0.000  355367.0  281097.0  346203.0  313696.0    1.0
cov[0,0]   15.961   8.925   4.976   30.932      0.016    0.012  315133.0  287016.0  433985.0  319467.0    1.0
cov[0,1]    7.300  14.774 -18.935   35.849      0.030    0.022  250630.0  235249.0  294562.0  258930.0    1.0
cov[1,0]    7.300  14.774 -18.935   35.849      0.030    0.022  250630.0  235249.0  294562.0  258930.0    1.0
cov[1,1]  115.978  64.533  35.869  224.874      0.123    0.092  273658.0  243621.0  369123.0  288440.0    1.0

------------------------ BEGIN ($T_{div}^{k\geq1}$, $T_{die}$) ------------------------
█
>> BF10 (BF01):
    Estimate from posterior: 0.50020 (1.99919)
    Approximate Jeffreys   : 0.49725 (2.01106)
    Exact solution         : 0.44734 (2.23544)

            mean      sd  hdi_3%  hdi_97%  mcse_mean  mcse_sd  ess_mean    ess_sd  ess_bulk  ess_tail  r_hat
mu[0]     10.362   0.866   8.722   11.988      0.002    0.001  206819.0  206819.0  240729.0  196510.0    1.0
mu[1]     53.492   2.316  49.088   57.843      0.005    0.003  230281.0  230281.0  261038.0  220887.0    1.0
sigma[0]   2.444   0.838   1.259    3.927      0.002    0.001  204222.0  174774.0  274947.0  234305.0    1.0
sigma[1]   6.521   2.250   3.349   10.504      0.005    0.004  225539.0  185722.0  301298.0  253132.0    1.0
rho        0.132   0.329  -0.478    0.724      0.001    0.000  281381.0  233547.0  270385.0  274224.0    1.0
cov[0,0]   6.676   6.095   1.321   14.871      0.015    0.010  174774.0  174774.0  274947.0  234305.0    1.0
cov[0,1]   2.324   8.424 -11.475   17.536      0.020    0.014  177116.0  177116.0  231699.0  218719.0    1.0
cov[1,0]   2.324   8.424 -11.475   17.536      0.020    0.014  177116.0  177116.0  231699.0  218719.0    1.0
cov[1,1]  47.581  43.437   9.349  106.481      0.101    0.076  185722.0  163919.0  301298.0  253132.0    1.0

------------------------ BEGIN ($T_{ld}$, $T_{die}$) ------------------------
█
>> BF10 (BF01):
    Estimate from posterior: inf (0.00000)
    Approximate Jeffreys   : 89849.07668 (0.00001)
    Exact solution         : 119306.90294 (0.00001)

            mean      sd  hdi_3%  hdi_97%  mcse_mean  mcse_sd  ess_mean    ess_sd  ess_bulk  ess_tail  r_hat
mu[0]     43.145   2.322  38.739   47.547      0.006    0.004  147274.0  147274.0  150252.0  165545.0    1.0
mu[1]     48.946   2.753  43.777   54.231      0.007    0.005  147272.0  147272.0  150244.0  164919.0    1.0
sigma[0]   8.123   1.851   5.115   11.551      0.005    0.004  142462.0  136659.0  154360.0  177125.0    1.0
sigma[1]   9.630   2.190   6.081   13.700      0.006    0.004  142410.0  137111.0  153982.0  179340.0    1.0
rho        0.947   0.038   0.883    0.993      0.000    0.000  172602.0  171204.0  161615.0  207381.0    1.0
cov[0,0]  69.416  34.916  23.972  129.894      0.094    0.067  136659.0  135794.0  154360.0  177125.0    1.0
cov[0,1]  78.248  40.188  25.841  147.940      0.111    0.079  130794.0  130693.0  146098.0  166452.0    1.0
cov[1,0]  78.248  40.188  25.841  147.940      0.111    0.079  130794.0  130693.0  146098.0  166452.0    1.0
cov[1,1]  97.530  48.901  33.035  181.677      0.132    0.093  137111.0  137111.0  153982.0  179340.0    1.0

======================== BEGIN N4+CD28+IL-12 ========================
------------------------ BEGIN ($T_{div}^0$, $T_{div}^{k\geq1}$) ------------------------
█
>> BF10 (BF01):
    Estimate from posterior: 0.83997 (1.19051)
    Approximate Jeffreys   : 0.78364 (1.27610)
    Exact solution         : 0.75456 (1.32527)

            mean      sd  hdi_3%  hdi_97%  mcse_mean  mcse_sd  ess_mean    ess_sd  ess_bulk  ess_tail  r_hat
mu[0]     37.502   1.921  33.933   41.166      0.005    0.003  161784.0  161784.0  189843.0  179788.0    1.0
mu[1]     13.330   2.281   9.012   17.626      0.006    0.004  160499.0  160499.0  188368.0  145327.0    1.0
sigma[0]   4.689   2.042   2.087    8.170      0.005    0.004  148654.0  137226.0  191466.0  194468.0    1.0
sigma[1]   5.590   2.433   2.462    9.723      0.006    0.004  155627.0  155627.0  202944.0  195318.0    1.0
rho        0.325   0.350  -0.330    0.903      0.001    0.001  214437.0  211201.0  203674.0  229182.0    1.0
cov[0,0]  26.160  34.854   3.504   64.536      0.094    0.067  137226.0  137226.0  191466.0  194468.0    1.0
cov[0,1]   9.568  20.700 -17.439   42.952      0.056    0.040  136114.0  136114.0  178378.0  170581.0    1.0
cov[1,0]   9.568  20.700 -17.439   42.952      0.056    0.040  136114.0  136114.0  178378.0  170581.0    1.0
cov[1,1]  37.164  52.024   4.855   91.730      0.131    0.092  158501.0  158501.0  202944.0  195318.0    1.0

------------------------ BEGIN ($T_{div}^0$, $T_{ld}$) ------------------------
█
>> BF10 (BF01):
    Estimate from posterior: 0.44479 (2.24824)
    Approximate Jeffreys   : 0.44275 (2.25863)
    Exact solution         : 0.40550 (2.46606)

            mean      sd  hdi_3%  hdi_97%  mcse_mean  mcse_sd  ess_mean    ess_sd  ess_bulk  ess_tail  r_hat
mu[0]     39.512   1.891  35.938   43.105      0.003    0.002  296145.0  296145.0  315873.0  263532.0    1.0
mu[1]     48.901   2.874  43.453   54.351      0.005    0.004  290371.0  290371.0  312950.0  255662.0    1.0
sigma[0]   6.025   1.712   3.428    9.151      0.003    0.002  271152.0  242560.0  331599.0  278223.0    1.0
sigma[1]   9.164   2.608   5.207   13.907      0.005    0.004  289134.0  245504.0  364412.0  288046.0    1.0
rho        0.121   0.298  -0.432    0.666      0.001    0.000  307835.0  249187.0  299220.0  292849.0    1.0
cov[0,0]  39.231  26.166  10.160   80.957      0.053    0.038  242560.0  242560.0  331599.0  278223.0    1.0
cov[0,1]   7.224  23.129 -33.107   51.664      0.050    0.040  210711.0  168751.0  256024.0  242976.0    1.0
cov[1,0]   7.224  23.129 -33.107   51.664      0.050    0.040  210711.0  168751.0  256024.0  242976.0    1.0
cov[1,1]  90.786  61.113  23.482  186.989      0.123    0.098  245504.0  193370.0  364412.0  288046.0    1.0

------------------------ BEGIN ($T_{div}^{k\geq1}$, $T_{ld}$) ------------------------
█
>> BF10 (BF01):
    Estimate from posterior: 1.09726 (0.91136)
    Approximate Jeffreys   : 0.97300 (1.02775)
    Exact solution         : 0.99679 (1.00322)

            mean       sd  hdi_3%  hdi_97%  mcse_mean  mcse_sd  ess_mean    ess_sd  ess_bulk  ess_tail  r_hat
mu[0]     13.318    2.255   9.051   17.611      0.006    0.004  144719.0  144719.0  168956.0  132303.0    1.0
mu[1]     52.247    3.719  45.397   59.255      0.010    0.007  133737.0  133737.0  165577.0  150791.0    1.0
sigma[0]   5.522    2.368   2.419    9.540      0.006    0.004  159845.0  156717.0  205800.0  196634.0    1.0
sigma[1]   8.988    3.960   4.031   15.647      0.011    0.009  128609.0   99156.0  178138.0  181262.0    1.0
rho        0.405    0.336  -0.225    0.935      0.001    0.001  206385.0  206385.0  194530.0  217782.0    1.0
cov[0,0]  36.099   45.610   5.060   89.103      0.115    0.081  156717.0  156717.0  205800.0  196634.0    1.0
cov[0,1]  22.629   40.361 -27.607   87.502      0.109    0.077  136493.0  136493.0  170076.0  165722.0    1.0
cov[1,0]  22.629   40.361 -27.607   87.502      0.109    0.077  136493.0  136493.0  170076.0  165722.0    1.0
cov[1,1]  96.469  141.570  12.546  235.833      0.450    0.318   99156.0   99156.0  178138.0  181262.0    1.0

------------------------ BEGIN ($T_{div}^0$, $T_{die}$) ------------------------
█
>> BF10 (BF01):
    Estimate from posterior: 0.44304 (2.25712)
    Approximate Jeffreys   : 0.44092 (2.26799)
    Exact solution         : 0.40367 (2.47726)

            mean      sd  hdi_3%  hdi_97%  mcse_mean  mcse_sd  ess_mean    ess_sd  ess_bulk  ess_tail  r_hat
mu[0]     39.511   1.890  35.945   43.096      0.004    0.003  283020.0  283020.0  302897.0  251026.0    1.0
mu[1]     54.553   2.325  50.158   58.960      0.004    0.003  306993.0  306993.0  329688.0  266342.0    1.0
sigma[0]   6.027   1.717   3.428    9.152      0.003    0.003  261224.0  234108.0  319965.0  270738.0    1.0
sigma[1]   7.380   2.102   4.174   11.210      0.004    0.003  301466.0  265611.0  374863.0  297023.0    1.0
rho        0.119   0.299  -0.435    0.663      0.001    0.000  297294.0  241227.0  289056.0  284407.0    1.0
cov[0,0]  39.277  26.375  10.182   80.954      0.055    0.039  234108.0  234108.0  319965.0  270738.0    1.0
cov[0,1]   5.838  18.886 -27.146   41.486      0.041    0.031  207984.0  189168.0  248954.0  237748.0    1.0
cov[1,0]   5.838  18.886 -27.146   41.486      0.041    0.031  207984.0  189168.0  248954.0  237748.0    1.0
cov[1,1]  58.891  39.356  15.018  121.678      0.076    0.056  265611.0  246454.0  374863.0  297023.0    1.0

------------------------ BEGIN ($T_{div}^{k\geq1}$, $T_{die}$) ------------------------
█
>> BF10 (BF01):
    Estimate from posterior: 1.23648 (0.80875)
    Approximate Jeffreys   : 1.09275 (0.91512)
    Exact solution         : 1.15563 (0.86533)

            mean      sd  hdi_3%  hdi_97%  mcse_mean  mcse_sd  ess_mean    ess_sd  ess_bulk  ess_tail  r_hat
mu[0]     13.309   2.237   9.117   17.588      0.006    0.004  154110.0  154110.0  176887.0  138741.0    1.0
mu[1]     56.701   3.284  50.542   62.897      0.008    0.006  157600.0  157600.0  183964.0  170589.0    1.0
sigma[0]   5.471   2.312   2.462    9.437      0.006    0.004  148419.0  145339.0  185239.0  188308.0    1.0
sigma[1]   7.964   3.391   3.564   13.758      0.009    0.006  144762.0  142459.0  181970.0  189655.0    1.0
rho        0.440   0.328  -0.180    0.941      0.001    0.001  211295.0  209860.0  198188.0  225993.0    1.0
cov[0,0]  35.282  43.961   4.863   86.182      0.115    0.082  145339.0  145339.0  185239.0  188308.0    1.0
cov[0,1]  21.643  34.832 -21.383   79.789      0.095    0.067  133289.0  133289.0  171086.0  165507.0    1.0
cov[1,0]  21.643  34.832 -21.383   79.789      0.095    0.067  133289.0  133289.0  171086.0  165507.0    1.0
cov[1,1]  74.927  96.632  10.375  183.677      0.256    0.181  142459.0  142459.0  181970.0  189655.0    1.0

------------------------ BEGIN ($T_{ld}$, $T_{die}$) ------------------------
█
>> BF10 (BF01):
    Estimate from posterior: 27.54697 (0.03630)
    Approximate Jeffreys   : 24.10716 (0.04148)
    Exact solution         : 29.18593 (0.03426)

            mean      sd  hdi_3%  hdi_97%  mcse_mean  mcse_sd  ess_mean    ess_sd  ess_bulk  ess_tail  r_hat
mu[0]     48.901   2.683  43.821   53.988      0.006    0.004  188172.0  188172.0  194116.0  206345.0    1.0
mu[1]     54.549   2.156  50.468   58.652      0.005    0.004  188040.0  188040.0  194853.0  206214.0    1.0
sigma[0]   8.587   2.252   5.035   12.677      0.005    0.004  169857.0  162132.0  189880.0  213020.0    1.0
sigma[1]   6.903   1.810   4.053   10.191      0.004    0.003  168171.0  161294.0  186539.0  214335.0    1.0
rho        0.743   0.159   0.450    0.965      0.000    0.000  191867.0  188672.0  178363.0  225527.0    1.0
cov[0,0]  78.815  47.219  22.764  156.638      0.117    0.083  162132.0  162132.0  189880.0  213020.0    1.0
cov[0,1]  47.678  32.125   7.246  103.640      0.088    0.062  133710.0  133710.0  155364.0  177744.0    1.0
cov[1,0]  47.678  32.125   7.246  103.640      0.088    0.062  133710.0  133710.0  155364.0  177744.0    1.0
cov[1,1]  50.930  30.570  14.614  101.036      0.076    0.054  161294.0  161294.0  186539.0  214335.0    1.0

======================== BEGIN N4+CD28 ========================
------------------------ BEGIN ($T_{div}^0$, $T_{div}^{k\geq1}$) ------------------------
█
>> BF10 (BF01):
    Estimate from posterior: 0.79720 (1.25439)
    Approximate Jeffreys   : 0.77354 (1.29275)
    Exact solution         : 0.74625 (1.34003)

            mean     sd  hdi_3%  hdi_97%  mcse_mean  mcse_sd  ess_mean    ess_sd  ess_bulk  ess_tail  r_hat
mu[0]     34.331  0.895  32.631   36.026      0.002    0.001  329552.0  329552.0  344616.0  295663.0    1.0
mu[1]     10.391  0.564   9.319   11.459      0.001    0.001  298605.0  298605.0  315259.0  264279.0    1.0
sigma[0]   2.999  0.778   1.780    4.428      0.001    0.001  311668.0  281244.0  369796.0  299361.0    1.0
sigma[1]   1.886  0.491   1.119    2.794      0.001    0.001  284341.0  258379.0  335255.0  284359.0    1.0
rho        0.325  0.264  -0.165    0.791      0.000    0.000  327191.0  295558.0  315619.0  296652.0    1.0
cov[0,0]   9.599  5.661   2.796   18.986      0.011    0.008  281244.0  265355.0  369796.0  299361.0    1.0
cov[0,1]   1.985  2.295  -1.712    6.454      0.005    0.004  219641.0  198303.0  269183.0  238416.0    1.0
cov[1,0]   1.985  2.295  -1.712    6.454      0.005    0.004  219641.0  198303.0  269183.0  238416.0    1.0
cov[1,1]   3.797  2.250   1.113    7.559      0.004    0.003  258379.0  258379.0  335255.0  284359.0    1.0

------------------------ BEGIN ($T_{div}^0$, $T_{ld}$) ------------------------
█
>> BF10 (BF01):
    Estimate from posterior: 0.37624 (2.65790)
    Approximate Jeffreys   : 0.37226 (2.68627)
    Exact solution         : 0.35221 (2.83925)

            mean      sd  hdi_3%  hdi_97%  mcse_mean  mcse_sd  ess_mean    ess_sd  ess_bulk  ess_tail  r_hat
mu[0]     34.579   0.672  33.307   35.852      0.001    0.001  434297.0  434297.0  444722.0  327870.0    1.0
mu[1]     41.712   1.620  38.666   44.798      0.003    0.002  411739.0  411739.0  422279.0  316131.0    1.0
sigma[0]   2.715   0.552   1.792    3.741      0.001    0.001  406269.0  368112.0  460752.0  336853.0    1.0
sigma[1]   6.538   1.332   4.328    9.012      0.002    0.002  387660.0  349546.0  444787.0  330033.0    1.0
rho        0.133   0.239  -0.313    0.574      0.000    0.000  394765.0  283987.0  388297.0  327876.0    1.0
cov[0,0]   7.674   3.373   2.923   13.585      0.006    0.004  368112.0  312980.0  460752.0  336853.0    1.0
cov[0,1]   2.511   5.231  -7.054   12.628      0.010    0.008  292067.0  239510.0  330234.0  284146.0    1.0
cov[1,0]   2.511   5.231  -7.054   12.628      0.010    0.008  292067.0  239510.0  330234.0  284146.0    1.0
cov[1,1]  44.514  19.650  17.348   79.253      0.033    0.026  349546.0  289560.0  444787.0  330033.0    1.0

------------------------ BEGIN ($T_{div}^{k\geq1}$, $T_{ld}$) ------------------------
█
>> BF10 (BF01):
    Estimate from posterior: 0.38931 (2.56864)
    Approximate Jeffreys   : 0.38762 (2.57987)
    Exact solution         : 0.35518 (2.81551)

            mean      sd  hdi_3%  hdi_97%  mcse_mean  mcse_sd  ess_mean    ess_sd  ess_bulk  ess_tail  r_hat
mu[0]     10.391   0.571   9.321   11.484      0.001    0.001  329587.0  329587.0  348681.0  269173.0    1.0
mu[1]     44.439   1.605  41.372   47.455      0.003    0.002  310004.0  310004.0  328188.0  271083.0    1.0
sigma[0]   1.909   0.506   1.121    2.835      0.001    0.001  314130.0  279842.0  381826.0  297826.0    1.0
sigma[1]   5.344   1.422   3.131    7.939      0.003    0.002  303964.0  267952.0  374583.0  293984.0    1.0
rho       -0.018   0.288  -0.557    0.509      0.000    0.000  336918.0  244017.0  329051.0  313064.0    1.0
cov[0,0]   3.899   2.374   1.116    7.798      0.004    0.003  279842.0  262247.0  381826.0  297826.0    1.0
cov[0,1]  -0.197   3.917  -7.573    7.000      0.008    0.006  237187.0  203081.0  278452.0  264722.0    1.0
cov[1,0]  -0.197   3.917  -7.573    7.000      0.008    0.006  237187.0  203081.0  278452.0  264722.0    1.0
cov[1,1]  30.585  18.745   8.619   61.069      0.036    0.026  267952.0  258426.0  374583.0  293984.0    1.0

------------------------ BEGIN ($T_{div}^0$, $T_{die}$) ------------------------
█
>> BF10 (BF01):
    Estimate from posterior: 0.38423 (2.60260)
    Approximate Jeffreys   : 0.38426 (2.60241)
    Exact solution         : 0.36396 (2.74757)

            mean      sd  hdi_3%  hdi_97%  mcse_mean  mcse_sd  ess_mean    ess_sd  ess_bulk  ess_tail  r_hat
mu[0]     34.580   0.670  33.316   35.849      0.001    0.001  414098.0  414098.0  423971.0  328959.0    1.0
mu[1]     47.422   1.921  43.738   51.008      0.003    0.002  391876.0  391876.0  401613.0  309804.0    1.0
sigma[0]   2.715   0.554   1.790    3.743      0.001    0.001  387591.0  349926.0  444332.0  330797.0    1.0
sigma[1]   7.762   1.582   5.128   10.688      0.003    0.002  380135.0  341768.0  440494.0  321754.0    1.0
rho        0.145   0.238  -0.304    0.579      0.000    0.000  389991.0  291457.0  383181.0  329877.0    1.0
cov[0,0]   7.676   3.388   2.968   13.666      0.006    0.004  349926.0  292790.0  444332.0  330797.0    1.0
cov[0,1]   3.238   6.225  -7.955   15.410      0.012    0.010  283267.0  176650.0  325985.0  283765.0    1.0
cov[1,0]   3.238   6.225  -7.955   15.410      0.012    0.010  283267.0  176650.0  325985.0  283765.0    1.0
cov[1,1]  62.751  27.687  24.334  111.395      0.047    0.036  341768.0  288554.0  440494.0  321754.0    1.0

------------------------ BEGIN ($T_{div}^{k\geq1}$, $T_{die}$) ------------------------
█
>> BF10 (BF01):
    Estimate from posterior: 0.72101 (1.38694)
    Approximate Jeffreys   : 0.70657 (1.41529)
    Exact solution         : 0.67724 (1.47657)

            mean      sd  hdi_3%  hdi_97%  mcse_mean  mcse_sd  ess_mean    ess_sd  ess_bulk  ess_tail  r_hat
mu[0]     10.391   0.566   9.310   11.453      0.001    0.001  262847.0  262847.0  279412.0  253705.0    1.0
mu[1]     50.362   1.844  46.837   53.838      0.003    0.002  292265.0  292265.0  307342.0  275499.0    1.0
sigma[0]   1.889   0.494   1.117    2.790      0.001    0.001  276090.0  243342.0  335600.0  282220.0    1.0
sigma[1]   6.173   1.613   3.644    9.115      0.003    0.002  290406.0  262131.0  349659.0  285138.0    1.0
rho        0.304   0.268  -0.201    0.774      0.000    0.000  299855.0  269545.0  288315.0  279316.0    1.0
cov[0,0]   3.812   2.292   1.092    7.534      0.005    0.003  243342.0  230598.0  335600.0  282220.0    1.0
cov[0,1]   3.827   4.726  -3.873   13.009      0.010    0.008  204091.0  180895.0  248170.0  226710.0    1.0
cov[1,0]   3.827   4.726  -3.873   13.009      0.010    0.008  204091.0  180895.0  248170.0  226710.0    1.0
cov[1,1]  40.706  24.391  11.824   80.653      0.048    0.034  262131.0  262131.0  349659.0  285138.0    1.0

------------------------ BEGIN ($T_{ld}$, $T_{die}$) ------------------------
█
>> BF10 (BF01):
    Estimate from posterior: 3885.72672 (0.00026)
    Approximate Jeffreys   : 3486.58648 (0.00029)
    Exact solution         : 4035.49110 (0.00025)

            mean      sd  hdi_3%  hdi_97%  mcse_mean  mcse_sd  ess_mean    ess_sd  ess_bulk  ess_tail  r_hat
mu[0]     41.707   1.544  38.795   44.642      0.003    0.002  208183.0  208183.0  209883.0  235085.0    1.0
mu[1]     47.413   1.835  43.963   50.914      0.004    0.003  208015.0  208015.0  209966.0  232985.0    1.0
sigma[0]   6.241   1.208   4.238    8.516      0.003    0.002  172300.0  166511.0  184673.0  218397.0    1.0
sigma[1]   7.408   1.431   5.011   10.084      0.003    0.002  172998.0  167063.0  186082.0  213297.0    1.0
rho        0.831   0.086   0.674    0.960      0.000    0.000  196179.0  193544.0  184812.0  234136.0    1.0
cov[0,0]  40.406  16.766  16.288   70.134      0.041    0.029  166511.0  163529.0  184673.0  218397.0    1.0
cov[0,1]  40.205  18.099  14.091   72.894      0.048    0.034  144213.0  141417.0  158703.0  183642.0    1.0
cov[1,0]  40.205  18.099  14.091   72.894      0.048    0.034  144213.0  141417.0  158703.0  183642.0    1.0
cov[1,1]  56.927  23.508  23.087   98.839      0.058    0.041  167063.0  163621.0  186082.0  213297.0    1.0

======================== BEGIN N4 ========================
------------------------ BEGIN ($T_{div}^0$, $T_{div}^{k\geq1}$) ------------------------
█
>> BF10 (BF01):
    Estimate from posterior: 15.45846 (0.06469)
    Approximate Jeffreys   : 13.29528 (0.07521)
    Exact solution         : 15.11614 (0.06615)

            mean     sd  hdi_3%  hdi_97%  mcse_mean  mcse_sd  ess_mean    ess_sd  ess_bulk  ess_tail  r_hat
mu[0]     33.505  0.672  32.251   34.798      0.002    0.001  197424.0  197424.0  203362.0  220554.0    1.0
mu[1]     11.709  0.780  10.258   13.214      0.002    0.001  204694.0  204694.0  210219.0  220289.0    1.0
sigma[0]   2.243  0.558   1.368    3.279      0.001    0.001  177493.0  169449.0  197653.0  225494.0    1.0
sigma[1]   2.603  0.645   1.576    3.789      0.002    0.001  183411.0  173924.0  205628.0  226752.0    1.0
rho        0.679  0.175   0.356    0.942      0.000    0.000  213264.0  206654.0  196726.0  238064.0    1.0
cov[0,0]   5.341  2.995   1.634   10.361      0.007    0.005  169449.0  169449.0  197653.0  225494.0    1.0
cov[0,1]   4.265  2.819   0.527    9.324      0.008    0.005  137908.0  137214.0  163190.0  180455.0    1.0
cov[1,0]   4.265  2.819   0.527    9.324      0.008    0.005  137908.0  137214.0  163190.0  180455.0    1.0
cov[1,1]   7.194  4.010   2.220   13.931      0.010    0.007  173924.0  173031.0  205628.0  226752.0    1.0

------------------------ BEGIN ($T_{div}^0$, $T_{ld}$) ------------------------
█
>> BF10 (BF01):
    Estimate from posterior: 0.50289 (1.98851)
    Approximate Jeffreys   : 0.50564 (1.97771)
    Exact solution         : 0.49132 (2.03533)

            mean      sd  hdi_3%  hdi_97%  mcse_mean  mcse_sd  ess_mean    ess_sd  ess_bulk  ess_tail  r_hat
mu[0]     34.243   0.599  33.096   35.364      0.001    0.001  497316.0  497316.0  501447.0  353422.0    1.0
mu[1]     39.785   1.576  36.792   42.755      0.002    0.002  537162.0  537162.0  541555.0  352349.0    1.0
sigma[0]   3.073   0.463   2.273    3.951      0.001    0.001  459046.0  427974.0  497557.0  349654.0    1.0
sigma[1]   8.102   1.222   5.985   10.405      0.002    0.001  415636.0  389614.0  450214.0  335171.0    1.0
rho        0.224   0.184  -0.128    0.558      0.000    0.000  434837.0  360050.0  430035.0  344709.0    1.0
cov[0,0]   9.656   3.033   4.875   15.209      0.005    0.004  427974.0  369337.0  497557.0  349654.0    1.0
cov[0,1]   5.785   5.498  -4.163   16.460      0.009    0.008  339146.0  257753.0  371605.0  301438.0    1.0
cov[1,0]   5.785   5.498  -4.163   16.460      0.009    0.008  339146.0  257753.0  371605.0  301438.0    1.0
cov[1,1]  67.135  21.115  34.304  106.132      0.034    0.026  389614.0  341473.0  450214.0  335171.0    1.0

------------------------ BEGIN ($T_{div}^{k\geq1}$, $T_{ld}$) ------------------------
█
>> BF10 (BF01):
    Estimate from posterior: 2.72547 (0.36691)
    Approximate Jeffreys   : 2.58183 (0.38732)
    Exact solution         : 2.69411 (0.37118)

            mean      sd  hdi_3%  hdi_97%  mcse_mean  mcse_sd  ess_mean    ess_sd  ess_bulk  ess_tail  r_hat
mu[0]     11.708   0.791  10.218   13.218      0.002    0.001  228979.0  228979.0  237627.0  237708.0    1.0
mu[1]     45.971   2.333  41.580   50.418      0.005    0.003  234284.0  234284.0  242927.0  246762.0    1.0
sigma[0]   2.653   0.671   1.584    3.879      0.001    0.001  230970.0  215580.0  265936.0  261889.0    1.0
sigma[1]   7.815   1.982   4.698   11.468      0.004    0.003  239160.0  222910.0  277636.0  262985.0    1.0
rho        0.521   0.224   0.102    0.889      0.000    0.000  274536.0  260112.0  255679.0  262675.0    1.0
cov[0,0]   7.488   4.277   2.273   14.661      0.009    0.007  215580.0  215537.0  265936.0  261889.0    1.0
cov[0,1]  11.639   9.150  -1.547   28.932      0.022    0.016  171181.0  162690.0  212404.0  201205.0    1.0
cov[1,0]  11.639   9.150  -1.547   28.932      0.022    0.016  171181.0  162690.0  212404.0  201205.0    1.0
cov[1,1]  65.004  37.289  19.145  126.795      0.079    0.056  222910.0  222910.0  277636.0  262985.0    1.0

------------------------ BEGIN ($T_{div}^0$, $T_{die}$) ------------------------
█
>> BF10 (BF01):
    Estimate from posterior: 0.44320 (2.25633)
    Approximate Jeffreys   : 0.44678 (2.23823)
    Exact solution         : 0.43346 (2.30702)

            mean      sd  hdi_3%  hdi_97%  mcse_mean  mcse_sd  ess_mean    ess_sd  ess_bulk  ess_tail  r_hat
mu[0]     34.243   0.600  33.090   35.358      0.001    0.001  482886.0  482886.0  487143.0  349307.0    1.0
mu[1]     44.190   1.605  41.107   47.175      0.002    0.002  494098.0  494098.0  499421.0  342352.0    1.0
sigma[0]   3.073   0.464   2.270    3.945      0.001    0.000  470951.0  434562.0  517140.0  347186.0    1.0
sigma[1]   8.228   1.241   6.120   10.611      0.002    0.001  437812.0  409139.0  474591.0  341585.0    1.0
rho        0.204   0.185  -0.146    0.542      0.000    0.000  471661.0  368028.0  466131.0  349866.0    1.0
cov[0,0]   9.660   3.037   4.873   15.199      0.005    0.004  434562.0  368707.0  517140.0  347186.0    1.0
cov[0,1]   5.353   5.523  -4.676   16.138      0.009    0.007  363069.0  272507.0  398647.0  305030.0    1.0
cov[1,0]   5.353   5.523  -4.676   16.138      0.009    0.007  363069.0  272507.0  398647.0  305030.0    1.0
cov[1,1]  69.233  21.737  34.709  108.928      0.034    0.026  409139.0  355865.0  474591.0  341585.0    1.0

------------------------ BEGIN ($T_{div}^{k\geq1}$, $T_{die}$) ------------------------
█
>> BF10 (BF01):
    Estimate from posterior: 3.66919 (0.27254)
    Approximate Jeffreys   : 3.33311 (0.30002)
    Exact solution         : 3.53022 (0.28327)

            mean      sd  hdi_3%  hdi_97%  mcse_mean  mcse_sd  ess_mean    ess_sd  ess_bulk  ess_tail  r_hat
mu[0]     11.710   0.789  10.204   13.193      0.002    0.001  228987.0  228987.0  237682.0  234546.0    1.0
mu[1]     50.445   2.219  46.238   54.663      0.005    0.003  231833.0  231833.0  239169.0  239599.0    1.0
sigma[0]   2.645   0.670   1.586    3.871      0.001    0.001  214820.0  198714.0  250293.0  248447.0    1.0
sigma[1]   7.446   1.885   4.473   10.905      0.004    0.003  217142.0  202357.0  249933.0  255788.0    1.0
rho        0.551   0.216   0.147    0.898      0.000    0.000  253926.0  240338.0  235118.0  250291.0    1.0
cov[0,0]   7.443   4.306   2.248   14.558      0.010    0.007  198714.0  198714.0  250293.0  248447.0    1.0
cov[0,1]  11.715   8.930  -0.600   28.464      0.023    0.016  157154.0  157154.0  195757.0  195092.0    1.0
cov[1,0]  11.715   8.930  -0.600   28.464      0.023    0.016  157154.0  157154.0  195757.0  195092.0    1.0
cov[1,1]  58.996  33.916  17.799  115.335      0.075    0.053  202357.0  202357.0  249933.0  255788.0    1.0

------------------------ BEGIN ($T_{ld}$, $T_{die}$) ------------------------
█
>> BF10 (BF01):
    Estimate from posterior: inf (0.00000)
    Approximate Jeffreys   : 713249648994.06287 (0.00000)
    Exact solution         : 804678100342.97253 (0.00000)

            mean      sd  hdi_3%  hdi_97%  mcse_mean  mcse_sd  ess_mean    ess_sd  ess_bulk  ess_tail  r_hat
mu[0]     39.786   1.531  36.870   42.647      0.004    0.003  175637.0  175637.0  176357.0  200990.0    1.0
mu[1]     44.188   1.555  41.263   47.130      0.004    0.003  175151.0  175151.0  175908.0  198717.0    1.0
sigma[0]   7.826   1.138   5.842    9.967      0.003    0.002  165456.0  161760.0  171258.0  202271.0    1.0
sigma[1]   7.949   1.157   5.935   10.129      0.003    0.002  164081.0  160396.0  169736.0  202913.0    1.0
rho        0.949   0.022   0.909    0.983      0.000    0.000  191975.0  191789.0  187723.0  232152.0    1.0
cov[0,0]  62.537  18.917  32.533   97.295      0.047    0.034  161760.0  155067.0  171258.0  202271.0    1.0
cov[0,1]  60.380  18.737  30.454   94.563      0.048    0.035  153839.0  147171.0  162058.0  190577.0    1.0
cov[1,0]  60.380  18.737  30.454   94.563      0.048    0.035  153839.0  147171.0  162058.0  190577.0    1.0
cov[1,1]  64.530  19.535  33.713  100.489      0.049    0.035  160396.0  153422.0  169736.0  202913.0    1.0


======================== BEGIN t_misc/20140211 ========================
======================== BEGIN N4+CD28+IL-2 ========================
------------------------ BEGIN ($T_{div}^0$, $T_{div}^{k\geq1}$) ------------------------
█
>> BF10 (BF01):
    Estimate from posterior: 4.18142 (0.23915)
    Approximate Jeffreys   : 3.95778 (0.25267)
    Exact solution         : 4.16712 (0.23997)

            mean     sd  hdi_3%  hdi_97%  mcse_mean  mcse_sd  ess_mean    ess_sd  ess_bulk  ess_tail  r_hat
mu[0]     33.714  1.133  31.569   35.864      0.002    0.002  226455.0  226455.0  232585.0  240116.0    1.0
mu[1]     14.364  1.072  12.356   16.412      0.002    0.002  214180.0  214180.0  219851.0  227992.0    1.0
sigma[0]   3.972  0.945   2.445    5.704      0.002    0.001  231457.0  215312.0  264597.0  262186.0    1.0
sigma[1]   3.749  0.892   2.315    5.395      0.002    0.001  219664.0  205203.0  250186.0  257810.0    1.0
rho        0.554  0.205   0.170    0.889      0.000    0.000  255963.0  245859.0  240370.0  264631.0    1.0
cov[0,0]  16.671  8.848   5.408   31.650      0.019    0.014  215312.0  205922.0  264597.0  262186.0    1.0
cov[0,1]   8.837  6.261  -0.105   20.580      0.015    0.011  163193.0  151036.0  200853.0  203214.0    1.0
cov[1,0]   8.837  6.261  -0.105   20.580      0.015    0.011  163193.0  151036.0  200853.0  203214.0    1.0
cov[1,1]  14.851  7.870   4.724   28.157      0.017    0.012  205203.0  202259.0  250186.0  257810.0    1.0

------------------------ BEGIN ($T_{div}^0$, $T_{ld}$) ------------------------
█
>> BF10 (BF01):
    Estimate from posterior: 1.04782 (0.95436)
    Approximate Jeffreys   : 1.05287 (0.94979)
    Exact solution         : 1.03406 (0.96706)

             mean      sd  hdi_3%  hdi_97%  mcse_mean  mcse_sd  ess_mean    ess_sd  ess_bulk  ess_tail  r_hat
mu[0]      34.312   0.693  33.009   35.623      0.001    0.001  472352.0  472352.0  474731.0  356638.0    1.0
mu[1]      40.957   1.749  37.635   44.248      0.003    0.002  457267.0  457267.0  460251.0  339167.0    1.0
sigma[0]    3.945   0.527   3.024    4.945      0.001    0.001  463852.0  435709.0  498981.0  348677.0    1.0
sigma[1]    9.948   1.325   7.631   12.463      0.002    0.001  501568.0  467867.0  543811.0  352014.0    1.0
rho         0.297   0.160  -0.003    0.590      0.000    0.000  475263.0  428990.0  470877.0  363665.0    1.0
cov[0,0]   15.839   4.367   8.771   23.951      0.007    0.005  435709.0  379989.0  498981.0  348677.0    1.0
cov[0,1]   11.990   7.753  -1.818   27.087      0.013    0.010  372200.0  296837.0  404844.0  311643.0    1.0
cov[1,0]   11.990   7.753  -1.818   27.087      0.013    0.010  372200.0  296837.0  404844.0  311643.0    1.0
cov[1,1]  100.723  27.702  56.062  152.547      0.040    0.031  467867.0  400546.0  543811.0  352014.0    1.0

------------------------ BEGIN ($T_{div}^{k\geq1}$, $T_{ld}$) ------------------------
█
>> BF10 (BF01):
    Estimate from posterior: 0.83603 (1.19612)
    Approximate Jeffreys   : 0.81964 (1.22005)
    Exact solution         : 0.79429 (1.25899)

            mean      sd  hdi_3%  hdi_97%  mcse_mean  mcse_sd  ess_mean    ess_sd  ess_bulk  ess_tail  r_hat
mu[0]     14.366   1.094  12.321   16.470      0.002    0.001  294527.0  294527.0  305048.0  262701.0    1.0
mu[1]     50.589   2.273  46.291   54.914      0.004    0.003  295481.0  295481.0  306072.0  274218.0    1.0
sigma[0]   3.827   0.938   2.350    5.567      0.002    0.001  303902.0  274424.0  357198.0  298076.0    1.0
sigma[1]   7.969   1.948   4.863   11.557      0.004    0.003  267158.0  244903.0  312278.0  277139.0    1.0
rho        0.335   0.252  -0.137    0.780      0.000    0.000  310353.0  279723.0  298130.0  286607.0    1.0
cov[0,0]  15.526   8.578   4.894   29.916      0.016    0.013  274424.0  220119.0  357198.0  298076.0    1.0
cov[0,1]  10.966  11.683  -8.000   33.547      0.026    0.020  207746.0  179382.0  252371.0  229101.0    1.0
cov[1,0]  10.966  11.683  -8.000   33.547      0.026    0.020  207746.0  179382.0  252371.0  229101.0    1.0
cov[1,1]  67.305  36.930  20.946  129.257      0.075    0.054  244903.0  234587.0  312278.0  277139.0    1.0

------------------------ BEGIN ($T_{div}^0$, $T_{die}$) ------------------------
█
>> BF10 (BF01):
    Estimate from posterior: 0.31326 (3.19220)
    Approximate Jeffreys   : 0.31326 (3.19222)
    Exact solution         : 0.30463 (3.28268)

             mean      sd  hdi_3%  hdi_97%  mcse_mean  mcse_sd  ess_mean    ess_sd  ess_bulk  ess_tail  r_hat
mu[0]      34.312   0.695  33.006   35.628      0.001    0.001  538711.0  538711.0  542960.0  348363.0    1.0
mu[1]      49.174   1.912  45.547   52.768      0.003    0.002  513850.0  513850.0  517628.0  343725.0    1.0
sigma[0]    3.954   0.529   3.034    4.964      0.001    0.001  537724.0  500197.0  583552.0  356784.0    1.0
sigma[1]   10.902   1.459   8.308   13.630      0.002    0.001  508549.0  474743.0  547898.0  354187.0    1.0
rho         0.141   0.171  -0.182    0.456      0.000    0.000  509425.0  345813.0  505659.0  360277.0    1.0
cov[0,0]   15.911   4.402   8.780   24.069      0.006    0.005  500197.0  424618.0  583552.0  356784.0    1.0
cov[0,1]    6.276   8.251  -8.989   22.231      0.013    0.011  411329.0  290451.0  439977.0  330080.0    1.0
cov[1,0]    6.276   8.251  -8.989   22.231      0.013    0.011  411329.0  290451.0  439977.0  330080.0    1.0
cov[1,1]  120.976  33.440  67.184  183.387      0.049    0.037  474743.0  406202.0  547898.0  354187.0    1.0

------------------------ BEGIN ($T_{div}^{k\geq1}$, $T_{die}$) ------------------------
█
>> BF10 (BF01):
    Estimate from posterior: 0.60055 (1.66514)
    Approximate Jeffreys   : 0.59575 (1.67855)
    Exact solution         : 0.56642 (1.76547)

            mean      sd  hdi_3%  hdi_97%  mcse_mean  mcse_sd  ess_mean    ess_sd  ess_bulk  ess_tail  r_hat
mu[0]     14.361   1.098  12.266   16.423      0.002    0.001  300738.0  300738.0  314119.0  259739.0    1.0
mu[1]     57.725   2.317  53.309   62.092      0.004    0.003  308344.0  308344.0  323095.0  276117.0    1.0
sigma[0]   3.841   0.947   2.345    5.595      0.002    0.001  305953.0  276482.0  360828.0  297027.0    1.0
sigma[1]   8.106   1.991   4.959   11.798      0.004    0.003  303568.0  273046.0  362035.0  290767.0    1.0
rho        0.261   0.262  -0.228    0.731      0.000    0.000  330354.0  282780.0  319126.0  296323.0    1.0
cov[0,0]  15.650   8.692   4.749   30.139      0.017    0.012  276482.0  256168.0  360828.0  297027.0    1.0
cov[0,1]   8.746  11.608 -11.041   31.175      0.024    0.018  225538.0  202338.0  272531.0  238007.0    1.0
cov[1,0]   8.746  11.608 -11.041   31.175      0.024    0.018  225538.0  202338.0  272531.0  238007.0    1.0
cov[1,1]  69.662  38.345  21.690  134.356      0.073    0.054  273046.0  253014.0  362035.0  290767.0    1.0

------------------------ BEGIN ($T_{ld}$, $T_{die}$) ------------------------
█
>> BF10 (BF01):
    Estimate from posterior: 4143.67722 (0.00024)
    Approximate Jeffreys   : 18978.26269 (0.00005)
    Exact solution         : 19778.94394 (0.00005)

             mean      sd  hdi_3%  hdi_97%  mcse_mean  mcse_sd  ess_mean    ess_sd  ess_bulk  ess_tail  r_hat
mu[0]      40.959   1.729  37.689   44.220      0.003    0.002  249556.0  249556.0  250550.0  276846.0    1.0
mu[1]      49.179   1.891  45.568   52.704      0.004    0.003  247598.0  247598.0  248325.0  276075.0    1.0
sigma[0]    9.816   1.287   7.563   12.273      0.003    0.002  243979.0  238017.0  254849.0  275150.0    1.0
sigma[1]   10.735   1.412   8.227   13.386      0.003    0.002  247065.0  240361.0  258936.0  277347.0    1.0
rho         0.709   0.091   0.537    0.864      0.000    0.000  266601.0  261973.0  256316.0  289295.0    1.0
cov[0,0]   98.013  26.496  54.669  147.364      0.054    0.039  238017.0  229079.0  254849.0  275150.0    1.0
cov[0,1]   76.552  24.937  35.059  123.030      0.057    0.042  188774.0  179984.0  201646.0  225408.0    1.0
cov[1,0]   76.552  24.937  35.059  123.030      0.057    0.042  188774.0  179984.0  201646.0  225408.0    1.0
cov[1,1]  117.234  31.789  65.655  176.508      0.065    0.047  240361.0  229088.0  258936.0  277347.0    1.0

======================== BEGIN N4+CD28 ========================
------------------------ BEGIN ($T_{div}^0$, $T_{div}^{k\geq1}$) ------------------------
------------------------ BEGIN ($T_{div}^0$, $T_{ld}$) ------------------------
█
>> BF10 (BF01):
    Estimate from posterior: 92.58011 (0.01080)
    Approximate Jeffreys   : 80.12790 (0.01248)
    Exact solution         : 85.62706 (0.01168)

            mean     sd  hdi_3%  hdi_97%  mcse_mean  mcse_sd  ess_mean    ess_sd  ess_bulk  ess_tail  r_hat
mu[0]     33.710  0.968  31.847   35.519      0.002    0.001  244628.0  244628.0  247644.0  262942.0    1.0
mu[1]     34.427  1.126  32.317   36.575      0.002    0.002  245315.0  245315.0  248042.0  264845.0    1.0
sigma[0]   4.134  0.754   2.866    5.547      0.002    0.001  222336.0  212375.0  241510.0  260358.0    1.0
sigma[1]   4.810  0.874   3.353    6.471      0.002    0.001  220823.0  211920.0  237899.0  260240.0    1.0
rho        0.672  0.135   0.420    0.893      0.000    0.000  243570.0  235478.0  228315.0  266092.0    1.0
cov[0,0]  17.655  6.849   7.597   29.932      0.015    0.011  212375.0  200051.0  241510.0  260358.0    1.0
cov[0,1]  13.965  6.591   3.889   26.161      0.016    0.012  164537.0  156702.0  184340.0  205901.0    1.0
cov[1,0]  13.965  6.591   3.889   26.161      0.016    0.012  164537.0  156702.0  184340.0  205901.0    1.0
cov[1,1]  23.901  9.228  10.305   40.474      0.020    0.015  211920.0  202419.0  237899.0  260240.0    1.0

------------------------ BEGIN ($T_{div}^{k\geq1}$, $T_{ld}$) ------------------------
------------------------ BEGIN ($T_{div}^0$, $T_{die}$) ------------------------
█
>> BF10 (BF01):
    Estimate from posterior: 19.06977 (0.05244)
    Approximate Jeffreys   : 18.08672 (0.05529)
    Exact solution         : 18.83252 (0.05310)

            mean      sd  hdi_3%  hdi_97%  mcse_mean  mcse_sd  ess_mean    ess_sd  ess_bulk  ess_tail  r_hat
mu[0]     33.709   0.974  31.887   35.577      0.002    0.001  236639.0  236639.0  239724.0  264288.0    1.0
mu[1]     39.882   1.337  37.373   42.441      0.003    0.002  232325.0  232325.0  235120.0  264675.0    1.0
sigma[0]   4.161   0.763   2.869    5.589      0.001    0.001  274986.0  260358.0  303881.0  289034.0    1.0
sigma[1]   5.720   1.049   3.946    7.679      0.002    0.001  266731.0  252786.0  294616.0  286361.0    1.0
rho        0.594   0.157   0.299    0.857      0.000    0.000  270696.0  260978.0  256819.0  274794.0    1.0
cov[0,0]  17.898   6.976   7.656   30.426      0.014    0.010  260358.0  243791.0  303881.0  289034.0    1.0
cov[0,1]  14.802   7.593   3.032   29.094      0.017    0.013  190709.0  178166.0  217699.0  222725.0    1.0
cov[1,0]  14.802   7.593   3.032   29.094      0.017    0.013  190709.0  178166.0  217699.0  222725.0    1.0
cov[1,1]  33.822  13.193  14.707   57.673      0.026    0.019  252786.0  238833.0  294616.0  286361.0    1.0

------------------------ BEGIN ($T_{div}^{k\geq1}$, $T_{die}$) ------------------------
------------------------ BEGIN ($T_{ld}$, $T_{die}$) ------------------------
█
>> BF10 (BF01):
    Estimate from posterior: 60.84671 (0.01643)
    Approximate Jeffreys   : 56.95508 (0.01756)
    Exact solution         : 60.52344 (0.01652)

            mean      sd  hdi_3%  hdi_97%  mcse_mean  mcse_sd  ess_mean    ess_sd  ess_bulk  ess_tail  r_hat
mu[0]     34.427   1.128  32.278   36.545      0.002    0.002  234367.0  234367.0  237332.0  256669.0    1.0
mu[1]     39.879   1.332  37.329   42.374      0.003    0.002  231743.0  231743.0  234491.0  256546.0    1.0
sigma[0]   4.820   0.879   3.324    6.455      0.002    0.001  235682.0  222311.0  259692.0  276509.0    1.0
sigma[1]   5.695   1.040   3.954    7.652      0.002    0.002  228851.0  216374.0  251570.0  262921.0    1.0
rho        0.656   0.140   0.394    0.886      0.000    0.000  254217.0  244348.0  237225.0  266074.0    1.0
cov[0,0]  24.009   9.308  10.335   40.690      0.020    0.015  222311.0  195443.0  259692.0  276509.0    1.0
cov[0,1]  18.844   9.073   4.937   35.521      0.022    0.017  168059.0  144466.0  194694.0  210823.0    1.0
cov[1,0]  18.844   9.073   4.937   35.521      0.022    0.017  168059.0  144466.0  194694.0  210823.0    1.0
cov[1,1]  33.520  13.043  14.567   56.975      0.028    0.021  216374.0  194729.0  251570.0  262921.0    1.0

======================== BEGIN N4 ========================
------------------------ BEGIN ($T_{div}^0$, $T_{div}^{k\geq1}$) ------------------------
------------------------ BEGIN ($T_{div}^0$, $T_{ld}$) ------------------------
█
>> BF10 (BF01):
    Estimate from posterior: inf (0.00000)
    Approximate Jeffreys   : inf (0.00000)
    Exact solution         : 171830205772825024748367415225687143524476194422303435682975055872.00000 (0.00000)

            mean     sd  hdi_3%  hdi_97%  mcse_mean  mcse_sd  ess_mean  ess_sd  ess_bulk  ess_tail  r_hat
mu[0]     33.104  0.515  32.103   33.793      0.148    0.108      12.0    12.0      13.0      81.0   1.30
mu[1]     33.104  0.515  32.103   33.793      0.148    0.108      12.0    12.0      13.0      81.0   1.30
sigma[0]   2.588  0.275   2.070    3.142      0.019    0.014     213.0   195.0     243.0     319.0   1.49
sigma[1]   2.588  0.275   2.070    3.142      0.019    0.014     213.0   195.0     243.0     319.0   1.49
rho        1.000  0.000   1.000    1.000      0.000    0.000     194.0   194.0     190.0     558.0   1.41
cov[0,0]   6.776  1.473   4.176    9.728      0.106    0.084     195.0   155.0     243.0     319.0   1.49
cov[0,1]   6.776  1.473   4.176    9.728      0.106    0.084     195.0   155.0     242.0     319.0   1.49
cov[1,0]   6.776  1.473   4.176    9.728      0.106    0.084     195.0   155.0     242.0     319.0   1.49
cov[1,1]   6.776  1.473   4.177    9.729      0.106    0.084     195.0   155.0     243.0     319.0   1.49

------------------------ BEGIN ($T_{div}^{k\geq1}$, $T_{ld}$) ------------------------
------------------------ BEGIN ($T_{div}^0$, $T_{die}$) ------------------------
█
>> BF10 (BF01):
    Estimate from posterior: 8.44527 (0.11841)
    Approximate Jeffreys   : 8.13928 (0.12286)
    Exact solution         : 8.30587 (0.12040)

            mean     sd  hdi_3%  hdi_97%  mcse_mean  mcse_sd  ess_mean    ess_sd  ess_bulk  ess_tail  r_hat
mu[0]     33.000  0.857  31.383   34.624      0.002    0.001  287138.0  287138.0  290271.0  290351.0    1.0
mu[1]     37.026  1.147  34.868   39.219      0.002    0.002  284158.0  284158.0  287490.0  286637.0    1.0
sigma[0]   3.761  0.671   2.629    5.024      0.001    0.001  291803.0  275516.0  321009.0  298679.0    1.0
sigma[1]   5.045  0.898   3.520    6.730      0.002    0.001  290350.0  274174.0  318611.0  295185.0    1.0
rho        0.531  0.167   0.220    0.823      0.000    0.000  311716.0  297914.0  297369.0  296665.0    1.0
cov[0,0]  14.594  5.517   6.488   24.607      0.011    0.008  275516.0  255009.0  321009.0  298679.0    1.0
cov[0,1]  10.543  5.663   1.555   21.404      0.012    0.009  208896.0  186345.0  241090.0  232665.0    1.0
cov[1,0]  10.543  5.663   1.555   21.404      0.012    0.009  208896.0  186345.0  241090.0  232665.0    1.0
cov[1,1]  26.258  9.896  11.476   44.055      0.019    0.014  274174.0  251886.0  318611.0  295185.0    1.0

------------------------ BEGIN ($T_{div}^{k\geq1}$, $T_{die}$) ------------------------
------------------------ BEGIN ($T_{ld}$, $T_{die}$) ------------------------
█
>> BF10 (BF01):
    Estimate from posterior: 8.44527 (0.11841)
    Approximate Jeffreys   : 8.13928 (0.12286)
    Exact solution         : 8.30587 (0.12040)

            mean     sd  hdi_3%  hdi_97%  mcse_mean  mcse_sd  ess_mean    ess_sd  ess_bulk  ess_tail  r_hat
mu[0]     33.000  0.857  31.383   34.624      0.002    0.001  287138.0  287138.0  290271.0  290351.0    1.0
mu[1]     37.026  1.147  34.868   39.219      0.002    0.002  284158.0  284158.0  287490.0  286637.0    1.0
sigma[0]   3.761  0.671   2.629    5.024      0.001    0.001  291803.0  275516.0  321009.0  298679.0    1.0
sigma[1]   5.045  0.898   3.520    6.730      0.002    0.001  290350.0  274174.0  318611.0  295185.0    1.0
rho        0.531  0.167   0.220    0.823      0.000    0.000  311716.0  297914.0  297369.0  296665.0    1.0
cov[0,0]  14.594  5.517   6.488   24.607      0.011    0.008  275516.0  255009.0  321009.0  298679.0    1.0
cov[0,1]  10.543  5.663   1.555   21.404      0.012    0.009  208896.0  186345.0  241090.0  232665.0    1.0
cov[1,0]  10.543  5.663   1.555   21.404      0.012    0.009  208896.0  186345.0  241090.0  232665.0    1.0
cov[1,1]  26.258  9.896  11.476   44.055      0.019    0.014  274174.0  251886.0  318611.0  295185.0    1.0

======================== BEGIN N4+IL-2 ========================
------------------------ BEGIN ($T_{div}^0$, $T_{div}^{k\geq1}$) ------------------------
█
>> BF10 (BF01):
    Estimate from posterior: 0.93844 (1.06559)
    Approximate Jeffreys   : 0.79267 (1.26157)
    Exact solution         : 0.76695 (1.30387)

             mean        sd  hdi_3%  hdi_97%  mcse_mean  mcse_sd  ess_mean    ess_sd  ess_bulk  ess_tail  r_hat
mu[0]      35.173     4.973  27.735   42.528      0.024    0.017   43822.0   43822.0   89562.0   61148.0    1.0
mu[1]      16.181     2.914  11.921   20.405      0.013    0.009   49928.0   49928.0   96041.0   70844.0    1.0
sigma[0]    6.473     8.976   1.205   15.515      0.038    0.027   56242.0   56242.0   89185.0   75128.0    1.0
sigma[1]    3.748     5.314   0.711    8.935      0.021    0.015   64531.0   64531.0  100313.0   87082.0    1.0
rho         0.241     0.487  -0.635    0.989      0.001    0.001  158696.0  158696.0  141267.0  145671.0    1.0
cov[0,0]  122.456  3322.734   1.049  239.145     11.266    7.966   86988.0   86988.0   89185.0   75128.0    1.0
cov[0,1]    6.168   103.674 -41.505   60.728      0.319    0.226  105619.0  105619.0  141557.0  104714.0    1.0
cov[1,0]    6.168   103.674 -41.505   60.728      0.319    0.226  105619.0  105619.0  141557.0  104714.0    1.0
cov[1,1]   42.288   920.006   0.381   79.190      2.617    1.850  123612.0  123612.0  100313.0   87082.0    1.0

------------------------ BEGIN ($T_{div}^0$, $T_{ld}$) ------------------------
█
>> BF10 (BF01):
    Estimate from posterior: 29.76770 (0.03359)
    Approximate Jeffreys   : 29.56994 (0.03382)
    Exact solution         : 29.97697 (0.03336)

            mean     sd  hdi_3%  hdi_97%  mcse_mean  mcse_sd  ess_mean    ess_sd  ess_bulk  ess_tail  r_hat
mu[0]     35.947  0.726  34.582   37.321      0.001    0.001  337630.0  337630.0  339495.0  327298.0    1.0
mu[1]     37.627  1.071  35.596   39.648      0.002    0.001  341575.0  341575.0  343464.0  318793.0    1.0
sigma[0]   3.792  0.552   2.843    4.850      0.001    0.001  308774.0  294732.0  331758.0  303368.0    1.0
sigma[1]   5.590  0.814   4.164    7.121      0.001    0.001  298581.0  285349.0  320359.0  306306.0    1.0
rho        0.538  0.139   0.276    0.781      0.000    0.000  336585.0  321958.0  322778.0  307044.0    1.0
cov[0,0]  14.687  4.444   7.615   22.870      0.008    0.006  294732.0  271658.0  331758.0  303368.0    1.0
cov[0,1]  11.781  5.122   3.201   21.430      0.011    0.008  224113.0  197903.0  254037.0  238837.0    1.0
cov[1,0]  11.781  5.122   3.201   21.430      0.011    0.008  224113.0  197903.0  254037.0  238837.0    1.0
cov[1,1]  31.911  9.656  16.470   49.607      0.018    0.013  285349.0  263042.0  320359.0  306306.0    1.0

------------------------ BEGIN ($T_{div}^{k\geq1}$, $T_{ld}$) ------------------------
█
>> BF10 (BF01):
    Estimate from posterior: 0.93252 (1.07236)
    Approximate Jeffreys   : 0.79267 (1.26157)
    Exact solution         : 0.76046 (1.31500)

             mean        sd  hdi_3%  hdi_97%  mcse_mean  mcse_sd  ess_mean    ess_sd  ess_bulk  ess_tail  r_hat
mu[0]      16.175     3.073  11.777   20.322      0.014    0.010   48762.0   48762.0  106293.0   69281.0    1.0
mu[1]      47.016     6.194  37.606   56.180      0.029    0.021   45143.0   45143.0   91675.0   63553.0    1.0
sigma[0]    3.779     5.661   0.717    9.019      0.023    0.016   60033.0   60033.0   98769.0   83227.0    1.0
sigma[1]    8.174    11.197   1.602   19.677      0.046    0.032   59592.0   59592.0   88441.0   66492.0    1.0
rho        -0.238     0.488  -0.989    0.635      0.001    0.001  154532.0  145518.0  131630.0  117084.0    1.0
cov[0,0]   46.334  1339.574   0.373   80.453      4.148    2.933  104314.0  104314.0   98769.0   83227.0    1.0
cov[0,1]   -7.950   135.161 -74.267   53.223      0.530    0.374   65136.0   65136.0  130762.0   89200.0    1.0
cov[1,0]   -7.950   135.161 -74.267   53.223      0.530    0.374   65136.0   65136.0  130762.0   89200.0    1.0
cov[1,1]  192.200  3317.787   1.591  381.187      8.453    5.977  154062.0  154062.0   88441.0   66492.0    1.0

------------------------ BEGIN ($T_{div}^0$, $T_{die}$) ------------------------
█
>> BF10 (BF01):
    Estimate from posterior: 2.08825 (0.47887)
    Approximate Jeffreys   : 2.11685 (0.47240)
    Exact solution         : 2.09178 (0.47806)

            mean      sd  hdi_3%  hdi_97%  mcse_mean  mcse_sd  ess_mean    ess_sd  ess_bulk  ess_tail  r_hat
mu[0]     35.947   0.729  34.555   37.311      0.001    0.001  451773.0  451773.0  455314.0  358455.0    1.0
mu[1]     44.554   1.707  41.359   47.816      0.003    0.002  433873.0  433873.0  437217.0  341655.0    1.0
sigma[0]   3.813   0.561   2.830    4.861      0.001    0.001  406686.0  382681.0  440272.0  338967.0    1.0
sigma[1]   8.924   1.309   6.648   11.393      0.002    0.002  388952.0  365604.0  421133.0  327805.0    1.0
rho        0.375   0.165   0.064    0.674      0.000    0.000  389577.0  364751.0  382179.0  335508.0    1.0
cov[0,0]  14.856   4.544   7.670   23.207      0.007    0.006  382681.0  339197.0  440272.0  338967.0    1.0
cov[0,1]  13.205   7.687  -0.099   28.045      0.014    0.011  287285.0  239048.0  321623.0  279556.0    1.0
cov[1,0]  13.205   7.687  -0.099   28.045      0.014    0.011  287285.0  239048.0  321623.0  279556.0    1.0
cov[1,1]  81.360  24.818  42.307  127.240      0.041    0.031  365604.0  323409.0  421133.0  327805.0    1.0

------------------------ BEGIN ($T_{div}^{k\geq1}$, $T_{die}$) ------------------------
█
>> BF10 (BF01):
    Estimate from posterior: 0.81614 (1.22528)
    Approximate Jeffreys   : 0.79267 (1.26157)
    Exact solution         : 0.63122 (1.58423)

             mean        sd   hdi_3%   hdi_97%  mcse_mean  mcse_sd  ess_mean    ess_sd  ess_bulk  ess_tail  r_hat
mu[0]      16.177     2.909   11.627    20.512      0.014    0.010   42290.0   42290.0   78038.0   55155.0    1.0
mu[1]      55.720    11.156   37.418    73.604      0.050    0.036   50314.0   47897.0   88588.0   59890.0    1.0
sigma[0]    3.891     5.345    0.723     9.424      0.022    0.015   60109.0   60109.0   93764.0   71645.0    1.0
sigma[1]   15.786    20.128    2.955    38.198      0.080    0.056   63712.0   63712.0   99016.0   82299.0    1.0
rho        -0.123     0.496   -0.954     0.738      0.001    0.001  173443.0  146844.0  156538.0  160778.0    1.0
cov[0,0]   43.715  1053.418    0.371    88.015      2.373    1.678  197135.0  197135.0   93764.0   71645.0    1.0
cov[0,1]   -7.604   230.464 -137.043   116.116      0.666    0.471  119631.0  119631.0  148532.0  109861.0    1.0
cov[1,0]   -7.604   230.464 -137.043   116.116      0.666    0.471  119631.0  119631.0  148532.0  109861.0    1.0
cov[1,1]  654.332  7124.114    6.365  1444.422     23.642   16.717   90804.0   90804.0   99016.0   82299.0    1.0

------------------------ BEGIN ($T_{ld}$, $T_{die}$) ------------------------
█
>> BF10 (BF01):
    Estimate from posterior: 2592.21016 (0.00039)
    Approximate Jeffreys   : 1732.85487 (0.00058)
    Exact solution         : 1812.88353 (0.00055)

            mean      sd  hdi_3%  hdi_97%  mcse_mean  mcse_sd  ess_mean    ess_sd  ess_bulk  ess_tail  r_hat
mu[0]     37.631   1.065  35.608   39.621      0.002    0.001  258958.0  258958.0  260405.0  281518.0    1.0
mu[1]     44.553   1.687  41.352   47.728      0.003    0.002  261358.0  261358.0  262998.0  279540.0    1.0
sigma[0]   5.550   0.802   4.148    7.059      0.002    0.001  245009.0  236492.0  260363.0  277166.0    1.0
sigma[1]   8.806   1.269   6.580   11.198      0.003    0.002  241481.0  233786.0  256126.0  275875.0    1.0
rho        0.689   0.105   0.491    0.867      0.000    0.000  257570.0  251804.0  246176.0  276563.0    1.0
cov[0,0]  31.446   9.438  16.528   48.947      0.019    0.014  236492.0  223730.0  260363.0  277166.0    1.0
cov[0,1]  34.679  12.702  13.877   58.291      0.030    0.022  182579.0  172367.0  198668.0  221299.0    1.0
cov[1,0]  34.679  12.702  13.877   58.291      0.030    0.022  182579.0  172367.0  198668.0  221299.0    1.0
cov[1,1]  79.163  23.689  41.304  122.913      0.049    0.035  233786.0  223478.0  256126.0  275875.0    1.0


Aggregating IL-2 experiments...
20131218-1U: #clones 36
20140121-1U: #clones 73
20131218-3U: #clones 48
20140121-3U: #clones 42
20131218-10U: #clones 61
20140121-10U: #clones 102
Aggre 1U: #clones 109
Aggre 3U: #clones 90
Aggre 10U: #clones 163
Aggre Total: #clone 362

>> CORRELATION ANALYSIS...

======================== BEGIN aggre_1U ========================
======================== BEGIN 1U IL-2 ========================
------------------------ BEGIN ($T_{div}^0$, $T_{div}^{k\geq1}$) ------------------------
█
>> BF10 (BF01):
    Estimate from posterior: 0.77905 (1.28361)
    Approximate Jeffreys   : 0.79267 (1.26157)
    Exact solution         : 0.58918 (1.69727)

             mean        sd  hdi_3%  hdi_97%  mcse_mean  mcse_sd  ess_mean    ess_sd  ess_bulk  ess_tail  r_hat
mu[0]      33.947     4.281  27.590   40.120      0.019    0.014   48946.0   47311.0  104096.0   73942.0    1.0
mu[1]      19.536     6.321   9.908   28.494      0.027    0.019   56386.0   56386.0  100467.0   72115.0    1.0
sigma[0]    5.582     8.007   1.013   13.566      0.032    0.023   61303.0   61303.0  107507.0   85191.0    1.0
sigma[1]    8.457    11.757   1.584   20.087      0.044    0.031   72227.0   72227.0  110161.0  113159.0    1.0
rho        -0.008     0.497  -0.872    0.846      0.001    0.001  167231.0  148413.0  154577.0  177151.0    1.0
cov[0,0]   95.276  1574.970   0.686  181.875      4.750    3.359  109950.0  109950.0  107507.0   85191.0    1.0
cov[0,1]   -0.075   194.429 -96.167   94.963      0.548    0.387  126068.0  126068.0  146561.0  129730.0    1.0
cov[1,0]   -0.075   194.429 -96.167   94.963      0.548    0.387  126068.0  126068.0  146561.0  129730.0    1.0
cov[1,1]  209.754  3743.338   1.807  399.502     10.902    7.709  117890.0  117890.0  110161.0  113159.0    1.0

------------------------ BEGIN ($T_{div}^0$, $T_{ld}$) ------------------------
█
>> BF10 (BF01):
    Estimate from posterior: 37.36205 (0.02677)
    Approximate Jeffreys   : 38.46861 (0.02600)
    Exact solution         : 39.08842 (0.02558)

            mean      sd  hdi_3%  hdi_97%  mcse_mean  mcse_sd  ess_mean    ess_sd  ess_bulk  ess_tail  r_hat
mu[0]     35.985   0.899  34.301   37.693      0.002    0.001  311557.0  311557.0  313263.0  318144.0    1.0
mu[1]     37.954   1.249  35.577   40.296      0.002    0.002  319019.0  319019.0  320873.0  318915.0    1.0
sigma[0]   4.702   0.685   3.515    6.002      0.001    0.001  306977.0  294050.0  328063.0  305132.0    1.0
sigma[1]   6.533   0.952   4.866    8.323      0.002    0.001  319340.0  304138.0  344525.0  305163.0    1.0
rho        0.550   0.136   0.292    0.788      0.000    0.000  325738.0  311860.0  311907.0  304067.0    1.0
cov[0,0]  22.579   6.843  11.819   35.276      0.013    0.009  294050.0  271052.0  328063.0  305132.0    1.0
cov[0,1]  17.454   7.478   4.945   31.502      0.016    0.012  224714.0  201022.0  253325.0  239427.0    1.0
cov[1,0]  17.454   7.478   4.945   31.502      0.016    0.012  224714.0  201022.0  253325.0  239427.0    1.0
cov[1,1]  43.584  13.212  22.681   67.964      0.024    0.018  304138.0  279226.0  344525.0  305163.0    1.0

------------------------ BEGIN ($T_{div}^{k\geq1}$, $T_{ld}$) ------------------------
█
>> BF10 (BF01):
    Estimate from posterior: 0.84175 (1.18800)
    Approximate Jeffreys   : 0.79267 (1.26157)
    Exact solution         : 0.65477 (1.52725)

             mean        sd   hdi_3%   hdi_97%  mcse_mean  mcse_sd  ess_mean    ess_sd  ess_bulk  ess_tail  r_hat
mu[0]      19.491     7.035   10.184    28.225      0.029    0.021   60027.0   57564.0  112852.0   75192.0    1.0
mu[1]      47.975    11.206   31.410    63.799      0.051    0.038   49118.0   44649.0   98189.0   63536.0    1.0
sigma[0]    8.224    11.923    1.599    19.304      0.047    0.033   64103.0   64103.0  108832.0  112340.0    1.0
sigma[1]   14.278    18.433    2.736    34.385      0.076    0.054   58852.0   58852.0   94150.0   86230.0    1.0
rho        -0.151     0.493   -0.968     0.705      0.001    0.001  158981.0  149068.0  145907.0  162998.0    1.0
cov[0,0]  209.803  4771.530    1.876   368.366     18.511   13.089   66447.0   66447.0  108832.0  112340.0    1.0
cov[0,1]  -15.778   456.711 -265.050   212.224      1.201    0.849  144678.0  144678.0  140661.0  120321.0    1.0
cov[1,0]  -15.778   456.711 -265.050   212.224      1.201    0.849  144678.0  144678.0  140661.0  120321.0    1.0
cov[1,1]  543.650  7058.360    4.559  1165.807     27.870   19.707   64139.0   64139.0   94150.0   86230.0    1.0

------------------------ BEGIN ($T_{div}^0$, $T_{die}$) ------------------------
█
>> BF10 (BF01):
    Estimate from posterior: 0.41141 (2.43068)
    Approximate Jeffreys   : 0.40808 (2.45051)
    Exact solution         : 0.39591 (2.52585)

             mean      sd  hdi_3%  hdi_97%  mcse_mean  mcse_sd  ess_mean    ess_sd  ess_bulk  ess_tail  r_hat
mu[0]      35.983   0.909  34.266   37.696      0.001    0.001  480597.0  480597.0  484682.0  341039.0    1.0
mu[1]      45.847   2.255  41.602   50.123      0.003    0.002  493763.0  493763.0  498155.0  342932.0    1.0
sigma[0]    4.752   0.702   3.532    6.080      0.001    0.001  469855.0  435801.0  512193.0  347322.0    1.0
sigma[1]   11.804   1.740   8.806   15.120      0.002    0.002  484679.0  448930.0  528687.0  349192.0    1.0
rho         0.188   0.183  -0.160    0.522      0.000    0.000  486354.0  368211.0  481226.0  354393.0    1.0
cov[0,0]   23.072   7.094  11.916   36.184      0.011    0.008  435801.0  371052.0  512193.0  347322.0    1.0
cov[0,1]   10.911  11.953 -11.110   33.910      0.019    0.016  380755.0  283477.0  414112.0  316286.0    1.0
cov[1,0]   10.911  11.953 -11.110   33.910      0.019    0.016  380755.0  283477.0  414112.0  316286.0    1.0
cov[1,1]  142.359  43.643  73.498  222.896      0.065    0.050  448930.0  383447.0  528687.0  349192.0    1.0

------------------------ BEGIN ($T_{div}^{k\geq1}$, $T_{die}$) ------------------------
█
>> BF10 (BF01):
    Estimate from posterior: 0.88186 (1.13397)
    Approximate Jeffreys   : 0.79267 (1.26157)
    Exact solution         : 0.69998 (1.42862)

              mean         sd   hdi_3%   hdi_97%  mcse_mean  mcse_sd  ess_mean    ess_sd  ess_bulk  ess_tail  r_hat
mu[0]       19.469      6.053   10.217    28.152      0.022    0.016   73423.0   73423.0  110046.0   73782.0    1.0
mu[1]       62.117     18.452   32.040    90.390      0.078    0.057   56262.0   52825.0   90511.0   66948.0    1.0
sigma[0]     8.134     10.845    1.583    19.210      0.038    0.027   81917.0   81917.0  116937.0  115105.0    1.0
sigma[1]    26.341     31.765    5.186    62.668      0.129    0.091   60831.0   60831.0   97630.0   98118.0    1.0
rho          0.198      0.489   -0.663     0.983      0.001    0.001  169526.0  162246.0  153898.0  159426.0    1.0
cov[0,0]   183.767   3179.723    1.661   365.264      9.751    6.895  106330.0  106330.0  116937.0  115105.0    1.0
cov[0,1]    47.804    931.870 -374.131   503.417      2.734    1.934  116139.0  116139.0  149727.0  124559.0    1.0
cov[1,0]    47.804    931.870 -374.131   503.417      2.734    1.934  116139.0  116139.0  149727.0  124559.0    1.0
cov[1,1]  1702.865  13860.464   18.265  3876.675     53.526   37.849   67054.0   67054.0   97630.0   98118.0    1.0

------------------------ BEGIN ($T_{ld}$, $T_{die}$) ------------------------
█
>> BF10 (BF01):
    Estimate from posterior: 108.72918 (0.00920)
    Approximate Jeffreys   : 106.83748 (0.00936)
    Exact solution         : 109.49599 (0.00913)

             mean      sd  hdi_3%  hdi_97%  mcse_mean  mcse_sd  ess_mean    ess_sd  ess_bulk  ess_tail  r_hat
mu[0]      37.954   1.245  35.617   40.326      0.002    0.002  302955.0  302955.0  304724.0  303276.0    1.0
mu[1]      45.854   2.229  41.686   50.089      0.004    0.003  311590.0  311590.0  313267.0  310006.0    1.0
sigma[0]    6.519   0.945   4.863    8.296      0.002    0.001  300363.0  287828.0  321137.0  305624.0    1.0
sigma[1]   11.657   1.687   8.694   14.832      0.003    0.002  290429.0  279109.0  309942.0  302437.0    1.0
rho         0.594   0.127   0.353    0.813      0.000    0.000  317041.0  308357.0  305376.0  308937.0    1.0
cov[0,0]   43.385  13.062  22.391   67.257      0.024    0.018  287828.0  266297.0  321137.0  305624.0    1.0
cov[0,1]   46.571  18.754  15.731   82.149      0.040    0.030  217427.0  198329.0  241831.0  240037.0    1.0
cov[1,0]   46.571  18.754  15.731   82.149      0.040    0.030  217427.0  198329.0  241831.0  240037.0    1.0
cov[1,1]  138.736  41.684  72.861  216.261      0.079    0.058  279109.0  261309.0  309942.0  302437.0    1.0


======================== BEGIN aggre_3U ========================
======================== BEGIN 3U IL-2 ========================
------------------------ BEGIN ($T_{div}^0$, $T_{div}^{k\geq1}$) ------------------------
█
>> BF10 (BF01):
    Estimate from posterior: 16.39765 (0.06098)
    Approximate Jeffreys   : 15.39314 (0.06496)
    Exact solution         : 17.17495 (0.05822)

             mean       sd  hdi_3%  hdi_97%  mcse_mean  mcse_sd  ess_mean    ess_sd  ess_bulk  ess_tail  r_hat
mu[0]      39.039    1.235  36.730   41.418      0.003    0.002  196052.0  196052.0  200218.0  207279.0    1.0
mu[1]      19.913    4.387  11.618   28.253      0.010    0.007  186526.0  186526.0  192425.0  164478.0    1.0
sigma[0]    4.325    1.015   2.703    6.211      0.002    0.002  186818.0  177972.0  207217.0  232414.0    1.0
sigma[1]   15.380    3.598   9.590   22.054      0.008    0.006  192160.0  182968.0  213425.0  236179.0    1.0
rho         0.670    0.170   0.351    0.930      0.000    0.000  219694.0  211937.0  203161.0  240415.0    1.0
cov[0,0]   19.732   10.270   6.540   37.325      0.024    0.018  177972.0  171360.0  207217.0  232414.0    1.0
cov[0,1]   47.612   29.545   6.813  101.494      0.078    0.055  144890.0  143977.0  168700.0  186145.0    1.0
cov[1,0]   47.612   29.545   6.813  101.494      0.078    0.055  144890.0  143977.0  168700.0  186145.0    1.0
cov[1,1]  249.488  129.605  82.712  471.290      0.303    0.214  182968.0  182968.0  213425.0  236179.0    1.0

------------------------ BEGIN ($T_{div}^0$, $T_{ld}$) ------------------------
█
>> BF10 (BF01):
    Estimate from posterior: 45.80504 (0.02183)
    Approximate Jeffreys   : 49.64454 (0.02014)
    Exact solution         : 50.05065 (0.01998)

             mean      sd  hdi_3%  hdi_97%  mcse_mean  mcse_sd  ess_mean    ess_sd  ess_bulk  ess_tail  r_hat
mu[0]      41.709   1.230  39.379   44.029      0.002    0.002  317555.0  317555.0  319055.0  316471.0    1.0
mu[1]      47.504   1.876  43.971   51.058      0.003    0.002  323663.0  323663.0  325077.0  319431.0    1.0
sigma[0]    7.078   0.919   5.449    8.812      0.002    0.001  356951.0  341547.0  380297.0  320678.0    1.0
sigma[1]   10.793   1.399   8.315   13.431      0.002    0.002  379259.0  361927.0  404555.0  336437.0    1.0
rho         0.521   0.128   0.278    0.747      0.000    0.000  357592.0  349012.0  349608.0  330977.0    1.0
cov[0,0]   50.940  13.645  28.764   76.432      0.023    0.017  341547.0  313143.0  380297.0  320678.0    1.0
cov[0,1]   40.866  16.206  13.196   71.671      0.032    0.024  263556.0  234659.0  290246.0  265545.0    1.0
cov[1,0]   40.866  16.206  13.196   71.671      0.032    0.024  263556.0  234659.0  290246.0  265545.0    1.0
cov[1,1]  118.442  31.645  66.568  177.226      0.053    0.039  361927.0  329014.0  404555.0  336437.0    1.0

------------------------ BEGIN ($T_{div}^{k\geq1}$, $T_{ld}$) ------------------------
█
>> BF10 (BF01):
    Estimate from posterior: 28.49983 (0.03509)
    Approximate Jeffreys   : 25.47631 (0.03925)
    Exact solution         : 28.96022 (0.03453)

             mean       sd  hdi_3%  hdi_97%  mcse_mean  mcse_sd  ess_mean    ess_sd  ess_bulk  ess_tail  r_hat
mu[0]      19.901    4.361  11.633   28.202      0.010    0.007  190412.0  190412.0  197431.0  171363.0    1.0
mu[1]      54.206    3.436  47.550   60.594      0.008    0.005  200700.0  200700.0  205736.0  205870.0    1.0
sigma[0]   15.300    3.567   9.560   21.921      0.008    0.006  178074.0  170519.0  196250.0  217943.0    1.0
sigma[1]   12.011    2.795   7.499   17.178      0.006    0.005  186195.0  179954.0  203317.0  233875.0    1.0
rho         0.703    0.158   0.411    0.943      0.000    0.000  201932.0  198869.0  191892.0  241227.0    1.0
cov[0,0]  246.800  127.468  81.434  464.792      0.309    0.219  170519.0  169504.0  196250.0  217943.0    1.0
cov[0,1]  137.924   82.942  25.724  288.528      0.220    0.156  142631.0  141679.0  161345.0  183914.0    1.0
cov[1,0]  137.924   82.942  25.724  288.528      0.220    0.156  142631.0  141679.0  161345.0  183914.0    1.0
cov[1,1]  152.070   78.572  50.764  286.159      0.185    0.131  179954.0  179954.0  203317.0  233875.0    1.0

------------------------ BEGIN ($T_{div}^0$, $T_{die}$) ------------------------
█
>> BF10 (BF01):
    Estimate from posterior: 1.49382 (0.66942)
    Approximate Jeffreys   : 1.48575 (0.67306)
    Exact solution         : 1.46335 (0.68337)

             mean       sd   hdi_3%  hdi_97%  mcse_mean  mcse_sd  ess_mean    ess_sd  ess_bulk  ess_tail  r_hat
mu[0]      41.709    1.231   39.390   44.036      0.002    0.001  475813.0  475813.0  478647.0  356740.0    1.0
mu[1]      67.474    3.473   60.923   74.030      0.005    0.004  456835.0  456835.0  459483.0  341280.0    1.0
sigma[0]    7.113    0.932    5.473    8.879      0.001    0.001  460538.0  433974.0  495099.0  348170.0    1.0
sigma[1]   20.087    2.626   15.431   25.035      0.004    0.003  459429.0  435352.0  490071.0  356659.0    1.0
rho         0.324    0.155    0.032    0.606      0.000    0.000  460321.0  427393.0  456150.0  361145.0    1.0
cov[0,0]   51.463   13.918   28.772   77.299      0.021    0.016  433974.0  381060.0  495099.0  348170.0    1.0
cov[0,1]   47.541   28.027   -2.396  101.719      0.047    0.036  360617.0  294910.0  391012.0  307772.0    1.0
cov[1,0]   47.541   28.027   -2.396  101.719      0.047    0.036  360617.0  294910.0  391012.0  307772.0    1.0
cov[1,1]  410.377  110.628  230.761  616.960      0.168    0.126  435352.0  387597.0  490071.0  356659.0    1.0

------------------------ BEGIN ($T_{div}^{k\geq1}$, $T_{die}$) ------------------------
█
>> BF10 (BF01):
    Estimate from posterior: 3.17691 (0.31477)
    Approximate Jeffreys   : 3.01078 (0.33214)
    Exact solution         : 3.12865 (0.31963)

             mean       sd   hdi_3%   hdi_97%  mcse_mean  mcse_sd  ess_mean    ess_sd  ess_bulk  ess_tail  r_hat
mu[0]      19.919    4.457   11.530    28.441      0.009    0.006  245399.0  245399.0  255611.0  182320.0    1.0
mu[1]      74.572    6.829   61.673    87.586      0.013    0.009  260465.0  260465.0  269059.0  234050.0    1.0
sigma[0]   15.618    3.713    9.599    22.455      0.008    0.006  216234.0  202749.0  246855.0  245197.0    1.0
sigma[1]   23.930    5.712   14.767    34.463      0.012    0.009  225749.0  212490.0  256042.0  258405.0    1.0
rho         0.525    0.213    0.126     0.877      0.000    0.000  262023.0  245695.0  244123.0  256699.0    1.0
cov[0,0]  257.710  135.746   84.351   491.992      0.301    0.213  202749.0  202749.0  246855.0  245197.0    1.0
cov[0,1]  210.356  153.369  -16.979   500.468      0.377    0.275  165407.0  155674.0  200244.0  195171.0    1.0
cov[1,0]  210.356  153.369  -16.979   500.468      0.377    0.275  165407.0  155674.0  200244.0  195171.0    1.0
cov[1,1]  605.276  321.202  195.252  1152.517      0.697    0.494  212490.0  211023.0  256042.0  258405.0    1.0

------------------------ BEGIN ($T_{ld}$, $T_{die}$) ------------------------
█
>> BF10 (BF01):
    Estimate from posterior: 4767.56728 (0.00021)
    Approximate Jeffreys   : 1652.13726 (0.00061)
    Exact solution         : 1697.86492 (0.00059)

             mean       sd   hdi_3%  hdi_97%  mcse_mean  mcse_sd  ess_mean    ess_sd  ess_bulk  ess_tail  r_hat
mu[0]      47.506    1.866   43.949   50.991      0.003    0.002  286603.0  286603.0  287931.0  302008.0    1.0
mu[1]      67.476    3.452   61.012   74.042      0.006    0.005  289547.0  289547.0  290877.0  296354.0    1.0
sigma[0]   10.743    1.390    8.286   13.365      0.003    0.002  277792.0  269056.0  292934.0  299008.0    1.0
sigma[1]   19.888    2.569   15.362   24.765      0.005    0.003  289395.0  280328.0  305272.0  305958.0    1.0
rho         0.640    0.105    0.443    0.823      0.000    0.000  296305.0  289132.0  285178.0  302365.0    1.0
cov[0,0]  117.348   31.292   66.325  175.530      0.060    0.044  269056.0  255035.0  292934.0  299008.0    1.0
cov[0,1]  140.220   47.819   60.648  230.754      0.104    0.076  210168.0  196679.0  228581.0  239467.0    1.0
cov[1,0]  140.220   47.819   60.648  230.754      0.104    0.076  210168.0  196679.0  228581.0  239467.0    1.0
cov[1,1]  402.140  107.047  225.523  600.145      0.202    0.147  280328.0  265020.0  305272.0  305958.0    1.0


======================== BEGIN aggre_10U ========================
======================== BEGIN 10U IL-2 ========================
------------------------ BEGIN ($T_{div}^0$, $T_{div}^{k\geq1}$) ------------------------
█
>> BF10 (BF01):
    Estimate from posterior: 7.50663 (0.13322)
    Approximate Jeffreys   : 7.24294 (0.13807)
    Exact solution         : 7.55018 (0.13245)

            mean      sd  hdi_3%  hdi_97%  mcse_mean  mcse_sd  ess_mean    ess_sd  ess_bulk  ess_tail  r_hat
mu[0]     38.753   1.581  35.747   41.740      0.003    0.002  246019.0  246019.0  249876.0  268728.0    1.0
mu[1]     17.060   0.783  15.582   18.552      0.002    0.001  247018.0  247018.0  251590.0  264967.0    1.0
sigma[0]   6.182   1.269   4.049    8.524      0.003    0.002  255093.0  241034.0  283801.0  278852.0    1.0
sigma[1]   3.053   0.626   2.009    4.215      0.001    0.001  260580.0  244625.0  291838.0  276435.0    1.0
rho        0.567   0.180   0.230    0.865      0.000    0.000  280409.0  267810.0  263813.0  274609.0    1.0
cov[0,0]  39.822  17.662  15.169   70.933      0.036    0.026  241034.0  231872.0  283801.0  278852.0    1.0
cov[0,1]  11.299   6.694   1.095   23.899      0.016    0.011  185042.0  171659.0  217950.0  214026.0    1.0
cov[1,0]  11.299   6.694   1.095   23.899      0.016    0.011  185042.0  171659.0  217950.0  214026.0    1.0
cov[1,1]   9.711   4.308   3.709   17.298      0.009    0.006  244625.0  231381.0  291838.0  276435.0    1.0

------------------------ BEGIN ($T_{div}^0$, $T_{ld}$) ------------------------
█
>> BF10 (BF01):
    Estimate from posterior: 9200.98628 (0.00011)
    Approximate Jeffreys   : 6242.09680 (0.00016)
    Exact solution         : 6313.38455 (0.00016)

             mean      sd  hdi_3%  hdi_97%  mcse_mean  mcse_sd  ess_mean    ess_sd  ess_bulk  ess_tail  r_hat
mu[0]      42.737   1.325  40.225   45.218      0.002    0.002  331606.0  331606.0  332289.0  335225.0    1.0
mu[1]      48.641   1.596  45.626   51.643      0.003    0.002  329514.0  329514.0  330182.0  329821.0    1.0
sigma[0]    9.299   0.971   7.585   11.170      0.002    0.001  345432.0  335378.0  360951.0  322328.0    1.0
sigma[1]   11.186   1.168   9.106   13.415      0.002    0.001  369247.0  358226.0  385776.0  339895.0    1.0
rho         0.584   0.095   0.406    0.755      0.000    0.000  363264.0  354263.0  352893.0  334373.0    1.0
cov[0,0]   87.417  18.597  55.817  122.518      0.032    0.023  335378.0  315666.0  360951.0  322328.0    1.0
cov[0,1]   61.847  18.126  30.388   96.431      0.035    0.026  263989.0  244443.0  283417.0  267009.0    1.0
cov[1,0]   61.847  18.126  30.388   96.431      0.035    0.026  263989.0  244443.0  283417.0  267009.0    1.0
cov[1,1]  126.498  26.940  80.767  177.330      0.045    0.033  358226.0  336576.0  385776.0  339895.0    1.0

------------------------ BEGIN ($T_{div}^{k\geq1}$, $T_{ld}$) ------------------------
█
>> BF10 (BF01):
    Estimate from posterior: 256.28390 (0.00390)
    Approximate Jeffreys   : 248.23641 (0.00403)
    Exact solution         : 281.00845 (0.00356)

            mean      sd  hdi_3%  hdi_97%  mcse_mean  mcse_sd  ess_mean    ess_sd  ess_bulk  ess_tail  r_hat
mu[0]     17.059   0.770  15.579   18.497      0.002    0.001  181675.0  181675.0  183603.0  212118.0    1.0
mu[1]     57.201   2.163  53.085   61.284      0.005    0.004  183620.0  183620.0  185843.0  211431.0    1.0
sigma[0]   2.999   0.607   1.983    4.121      0.001    0.001  186166.0  178707.0  202496.0  230765.0    1.0
sigma[1]   8.434   1.706   5.624   11.633      0.004    0.003  187199.0  179104.0  204544.0  232495.0    1.0
rho        0.763   0.118   0.545    0.942      0.000    0.000  210743.0  206149.0  197019.0  242429.0    1.0
cov[0,0]   9.360   4.105   3.605   16.542      0.010    0.007  178707.0  176207.0  202496.0  230765.0    1.0
cov[0,1]  20.311  10.077   5.973   38.479      0.026    0.019  147225.0  142121.0  165244.0  190657.0    1.0
cov[1,0]  20.311  10.077   5.973   38.479      0.026    0.019  147225.0  142121.0  165244.0  190657.0    1.0
cov[1,1]  74.036  32.385  28.569  130.852      0.077    0.055  179104.0  173881.0  204544.0  232495.0    1.0

------------------------ BEGIN ($T_{div}^0$, $T_{die}$) ------------------------
█
>> BF10 (BF01):
    Estimate from posterior: 14.80875 (0.06753)
    Approximate Jeffreys   : 15.47396 (0.06462)
    Exact solution         : 15.39335 (0.06496)

             mean      sd   hdi_3%  hdi_97%  mcse_mean  mcse_sd  ess_mean    ess_sd  ess_bulk  ess_tail  r_hat
mu[0]      42.731   1.331   40.265   45.286      0.002    0.001  465918.0  465918.0  467420.0  358574.0    1.0
mu[1]      65.975   2.516   61.227   70.708      0.004    0.003  454626.0  454626.0  455794.0  357632.0    1.0
sigma[0]    9.332   0.980    7.584   11.205      0.001    0.001  487902.0  466974.0  513684.0  355731.0    1.0
sigma[1]   17.667   1.861   14.301   21.163      0.003    0.002  461150.0  442161.0  485710.0  350425.0    1.0
rho         0.402   0.120    0.176    0.622      0.000    0.000  441964.0  427552.0  437825.0  358300.0    1.0
cov[0,0]   88.048  18.866   56.002  123.651      0.028    0.021  466974.0  421138.0  513684.0  355731.0    1.0
cov[0,1]   67.563  26.782   19.325  118.292      0.045    0.034  352242.0  304958.0  377613.0  306717.0    1.0
cov[1,0]   67.563  26.782   19.325  118.292      0.045    0.034  352242.0  304958.0  377613.0  306717.0    1.0
cov[1,1]  315.591  67.851  199.500  442.292      0.102    0.076  442161.0  401153.0  485710.0  350425.0    1.0

------------------------ BEGIN ($T_{div}^{k\geq1}$, $T_{die}$) ------------------------
█
>> BF10 (BF01):
    Estimate from posterior: 1.61461 (0.61934)
    Approximate Jeffreys   : 1.57127 (0.63643)
    Exact solution         : 1.56110 (0.64057)

             mean       sd   hdi_3%  hdi_97%  mcse_mean  mcse_sd  ess_mean    ess_sd  ess_bulk  ess_tail  r_hat
mu[0]      17.061    0.791   15.538   18.534      0.001    0.001  293052.0  293052.0  300130.0  276057.0    1.0
mu[1]      74.140    4.614   65.388   82.885      0.008    0.006  306031.0  306031.0  313489.0  275270.0    1.0
sigma[0]    3.089    0.646    2.025    4.297      0.001    0.001  300153.0  277883.0  338991.0  299814.0    1.0
sigma[1]   18.012    3.765   11.812   25.027      0.007    0.005  323839.0  296791.0  370662.0  310515.0    1.0
rho         0.418    0.213    0.016    0.787      0.000    0.000  335916.0  311071.0  321349.0  303119.0    1.0
cov[0,0]    9.958    4.524    3.761   17.944      0.009    0.006  277883.0  247086.0  338991.0  299814.0    1.0
cov[0,1]   24.641   18.579   -4.744   61.069      0.039    0.031  221664.0  178704.0  266661.0  237340.0    1.0
cov[1,0]   24.641   18.579   -4.744   61.069      0.039    0.031  221664.0  178704.0  266661.0  237340.0    1.0
cov[1,1]  338.612  153.741  126.699  606.960      0.282    0.211  296791.0  265454.0  370662.0  310515.0    1.0

------------------------ BEGIN ($T_{ld}$, $T_{die}$) ------------------------
█
>> BF10 (BF01):
    Estimate from posterior: 737149468578819409444864.00000 (0.00000)
    Approximate Jeffreys   : 49169.77296 (0.00002)
    Exact solution         : 49973.91662 (0.00002)

             mean      sd   hdi_3%  hdi_97%  mcse_mean  mcse_sd  ess_mean    ess_sd  ess_bulk  ess_tail  r_hat
mu[0]      48.638   1.590   45.652   51.645      0.003    0.002  320867.0  320867.0  321474.0  327126.0    1.0
mu[1]      65.988   2.504   61.284   70.732      0.004    0.003  317133.0  317133.0  317776.0  324539.0    1.0
sigma[0]   11.172   1.168    9.103   13.413      0.002    0.001  317209.0  309014.0  330580.0  318151.0    1.0
sigma[1]   17.580   1.838   14.256   21.032      0.003    0.002  293889.0  287791.0  303991.0  311850.0    1.0
rho         0.628   0.088    0.464    0.786      0.000    0.000  303260.0  298114.0  295872.0  314971.0    1.0
cov[0,0]  126.168  26.909   80.934  177.361      0.048    0.035  309014.0  293727.0  330580.0  318151.0    1.0
cov[0,1]  125.450  35.018   65.128  191.948      0.074    0.054  222368.0  211437.0  236350.0  249839.0    1.0
cov[1,0]  125.450  35.018   65.128  191.948      0.074    0.054  222368.0  211437.0  236350.0  249839.0    1.0
cov[1,1]  312.431  66.598  198.611  437.128      0.124    0.089  287791.0  277003.0  303991.0  311850.0    1.0

